Using pre-set license
Built from '2020.3/staging' branch; Version is '2020.3.0f1 (c7b5465681fb) revision 13088070'; Using compiler version '192528614'; Build Type 'Release'
OS: 'Windows 10 Home; OS build 19042.867; Version 2009; 64bit' Language: 'en' Physical Memory: 32694 MB
BatchMode: 1, IsHumanControllingUs: 0, StartBugReporterOnCrash: 0, Is64bit: 1, IsPro: 0

 COMMAND LINE ARGUMENTS:
C:\Program Files\Unity\Hub\Editor\2020.3.0f1\Editor\Unity.exe
-adb2
-batchMode
-noUpm
-name
AssetImportWorker0
-projectPath
C:/Users/cocru/Documents/GitHub/FighterZ/BattleBots
-logFile
Logs/AssetImportWorker0.log
-srvPort
52979
Successfully changed project path to: C:/Users/cocru/Documents/GitHub/FighterZ/BattleBots
C:/Users/cocru/Documents/GitHub/FighterZ/BattleBots
Using Asset Import Pipeline V2.
Refreshing native plugins compatible for Editor in 79.59 ms, found 0 plugins.
Preloading 0 native plugins for Editor in 0.00 ms.
Initialize engine version: 2020.3.0f1 (c7b5465681fb)
[Subsystems] Discovering subsystems at path C:/Program Files/Unity/Hub/Editor/2020.3.0f1/Editor/Data/Resources/UnitySubsystems
[Subsystems] Discovering subsystems at path C:/Users/cocru/Documents/GitHub/FighterZ/BattleBots/Assets
GfxDevice: creating device client; threaded=0
Direct3D:
    Version:  Direct3D 11.0 [level 11.1]
    Renderer: NVIDIA GeForce GTX 1080 (ID=0x1b80)
    Vendor:   
    VRAM:     8079 MB
    Driver:   27.21.14.6172
Initialize mono
Mono path[0] = 'C:/Program Files/Unity/Hub/Editor/2020.3.0f1/Editor/Data/Managed'
Mono path[1] = 'C:/Program Files/Unity/Hub/Editor/2020.3.0f1/Editor/Data/MonoBleedingEdge/lib/mono/unityjit'
Mono config path = 'C:/Program Files/Unity/Hub/Editor/2020.3.0f1/Editor/Data/MonoBleedingEdge/etc'
Using monoOptions --debugger-agent=transport=dt_socket,embedding=1,server=y,suspend=n,address=127.0.0.1:56568
Begin MonoManager ReloadAssembly
Registering precompiled unity dll's ...
Register platform support module: C:/Program Files/Unity/Hub/Editor/2020.3.0f1/Editor/Data/PlaybackEngines/WindowsStandaloneSupport/UnityEditor.WindowsStandalone.Extensions.dll
Registered in 0.001663 seconds.
Native extension for WindowsStandalone target not found
Refreshing native plugins compatible for Editor in 74.13 ms, found 0 plugins.
Preloading 0 native plugins for Editor in 0.00 ms.
Invoked RoslynAnalysisRunner static constructor.
RoslynAnalysisRunner will not be running.
RoslynAnalysisRunner has terminated.
Mono: successfully reloaded assembly
- Completed reload, in  1.023 seconds
Platform modules already initialized, skipping
Registering precompiled user dll's ...
Registered in 0.001056 seconds.
Begin MonoManager ReloadAssembly
Native extension for WindowsStandalone target not found
Refreshing native plugins compatible for Editor in 68.66 ms, found 0 plugins.
Preloading 0 native plugins for Editor in 0.00 ms.
Invoked RoslynAnalysisRunner static constructor.
RoslynAnalysisRunner will not be running.
RoslynAnalysisRunner has terminated.
Mono: successfully reloaded assembly
- Completed reload, in  0.824 seconds
Platform modules already initialized, skipping
========================================================================
Worker process is ready to serve import requests
Launched and connected shader compiler UnityShaderCompiler.exe after 0.03 seconds
Refreshing native plugins compatible for Editor in 0.80 ms, found 0 plugins.
Preloading 0 native plugins for Editor in 0.00 ms.
Unloading 1602 Unused Serialized files (Serialized files now loaded: 0)
System memory in use before: 98.8 MB.
System memory in use after: 98.9 MB.

Unloading 11 unused Assets to reduce memory usage. Loaded Objects now: 2072.
Total: 1.814200 ms (FindLiveObjects: 0.177100 ms CreateObjectMapping: 0.039600 ms MarkObjects: 1.576700 ms  DeleteObjects: 0.019700 ms)

========================================================================
Received Import Request.
  path: Assets/Inputs
  artifactKey: Guid(94b1264a55d50a8459c2661b53ac62c4) Importer(815301076,1909f56bfc062723c751e8b465ee728b)
Start importing Assets/Inputs using Guid(94b1264a55d50a8459c2661b53ac62c4) Importer(815301076,1909f56bfc062723c751e8b465ee728b)  -> (artifact id: 'd96e30f257e492a75722384042b43af7') in 0.007705 seconds
  Import took 0.010246 seconds .

========================================================================
Received Import Request.
  Time since last request: 0.000178 seconds.
  path: Assets/Inputs/PlayerInputs.inputactions
  artifactKey: Guid(06c2f9212216ccf4688df6323e065574) Importer(815301076,1909f56bfc062723c751e8b465ee728b)
Start importing Assets/Inputs/PlayerInputs.inputactions using Guid(06c2f9212216ccf4688df6323e065574) Importer(815301076,1909f56bfc062723c751e8b465ee728b)  -> (artifact id: '57349e479956b8de0cedd60618a55b02') in 0.028637 seconds
  Import took 0.030999 seconds .

========================================================================
Received Import Request.
  Time since last request: 0.000166 seconds.
  path: Assets/Inputs/InputSystem.inputsettings.asset
  artifactKey: Guid(9c2a8c2b6b349364195836b28584099a) Importer(815301076,1909f56bfc062723c751e8b465ee728b)
Start importing Assets/Inputs/InputSystem.inputsettings.asset using Guid(9c2a8c2b6b349364195836b28584099a) Importer(815301076,1909f56bfc062723c751e8b465ee728b)  -> (artifact id: '9b7ed054002e40d05b6d0b4a6d8ae0d6') in 0.007277 seconds
  Import took 0.009749 seconds .

========================================================================
Received Prepare
Refreshing native plugins compatible for Editor in 1.24 ms, found 0 plugins.
Preloading 0 native plugins for Editor in 0.00 ms.
Unloading 2 Unused Serialized files (Serialized files now loaded: 0)
System memory in use before: 66.1 MB.
System memory in use after: 66.3 MB.

Unloading 2 unused Assets to reduce memory usage. Loaded Objects now: 2072.
Total: 1.900100 ms (FindLiveObjects: 0.165500 ms CreateObjectMapping: 0.035700 ms MarkObjects: 1.686000 ms  DeleteObjects: 0.012100 ms)

========================================================================
Received Import Request.
  Time since last request: 22.453849 seconds.
  path: Assets/Inputs/PlayerInputs.inputactions
  artifactKey: Guid(06c2f9212216ccf4688df6323e065574) Importer(815301076,1909f56bfc062723c751e8b465ee728b)
Start importing Assets/Inputs/PlayerInputs.inputactions using Guid(06c2f9212216ccf4688df6323e065574) Importer(815301076,1909f56bfc062723c751e8b465ee728b)  -> (artifact id: '4345d6f2ddd91b65e6d9e4b4c8ad7137') in 0.010020 seconds
  Import took 0.012517 seconds .

========================================================================
Received Import Request.
  Time since last request: 2.627394 seconds.
  path: Assets/Inputs/PlayerInputs.inputactions
  artifactKey: Guid(06c2f9212216ccf4688df6323e065574) Importer(815301076,1909f56bfc062723c751e8b465ee728b)
Start importing Assets/Inputs/PlayerInputs.inputactions using Guid(06c2f9212216ccf4688df6323e065574) Importer(815301076,1909f56bfc062723c751e8b465ee728b)  -> (artifact id: 'd525ce2e17381190fa7bd7c413b09974') in 0.004673 seconds
  Import took 0.007040 seconds .

========================================================================
Received Prepare
Registering precompiled user dll's ...
Registered in 0.001120 seconds.
Begin MonoManager ReloadAssembly
Native extension for WindowsStandalone target not found
Refreshing native plugins compatible for Editor in 0.80 ms, found 0 plugins.
Preloading 0 native plugins for Editor in 0.00 ms.
Invoked RoslynAnalysisRunner static constructor.
RoslynAnalysisRunner will not be running.
RoslynAnalysisRunner has terminated.
Mono: successfully reloaded assembly
- Completed reload, in  0.642 seconds
Platform modules already initialized, skipping
Refreshing native plugins compatible for Editor in 0.83 ms, found 0 plugins.
Preloading 0 native plugins for Editor in 0.00 ms.
Unloading 1579 Unused Serialized files (Serialized files now loaded: 0)
System memory in use before: 97.5 MB.
System memory in use after: 97.6 MB.

Unloading 6 unused Assets to reduce memory usage. Loaded Objects now: 2075.
Total: 1.438900 ms (FindLiveObjects: 0.142500 ms CreateObjectMapping: 0.031500 ms MarkObjects: 1.254200 ms  DeleteObjects: 0.010000 ms)

========================================================================
Received Import Request.
  Time since last request: 58.596714 seconds.
  path: Assets/Inputs/PlayerInputs.inputactions
  artifactKey: Guid(06c2f9212216ccf4688df6323e065574) Importer(815301076,1909f56bfc062723c751e8b465ee728b)
Start importing Assets/Inputs/PlayerInputs.inputactions using Guid(06c2f9212216ccf4688df6323e065574) Importer(815301076,1909f56bfc062723c751e8b465ee728b)  -> (artifact id: '6745b026987afd6573fa7a082588afb5') in 0.021857 seconds
  Import took 0.024804 seconds .

========================================================================
Received Import Request.
  Time since last request: 4.283997 seconds.
  path: Assets/Inputs/PlayerInputs.inputactions
  artifactKey: Guid(06c2f9212216ccf4688df6323e065574) Importer(815301076,1909f56bfc062723c751e8b465ee728b)
Start importing Assets/Inputs/PlayerInputs.inputactions using Guid(06c2f9212216ccf4688df6323e065574) Importer(815301076,1909f56bfc062723c751e8b465ee728b)  -> (artifact id: '0e604424c189970fdea4a28de3b18071') in 0.004752 seconds
  Import took 0.007261 seconds .

========================================================================
Received Prepare
Registering precompiled user dll's ...
Registered in 0.001187 seconds.
Begin MonoManager ReloadAssembly
Native extension for WindowsStandalone target not found
Refreshing native plugins compatible for Editor in 0.77 ms, found 0 plugins.
Preloading 0 native plugins for Editor in 0.00 ms.
Invoked RoslynAnalysisRunner static constructor.
RoslynAnalysisRunner will not be running.
RoslynAnalysisRunner has terminated.
Mono: successfully reloaded assembly
- Completed reload, in  0.647 seconds
Platform modules already initialized, skipping
Refreshing native plugins compatible for Editor in 0.83 ms, found 0 plugins.
Preloading 0 native plugins for Editor in 0.00 ms.
Unloading 1579 Unused Serialized files (Serialized files now loaded: 0)
System memory in use before: 97.6 MB.
System memory in use after: 97.7 MB.

Unloading 6 unused Assets to reduce memory usage. Loaded Objects now: 2078.
Total: 1.513400 ms (FindLiveObjects: 0.168700 ms CreateObjectMapping: 0.033100 ms MarkObjects: 1.300000 ms  DeleteObjects: 0.010900 ms)

========================================================================
Received Import Request.
  Time since last request: 33.744217 seconds.
  path: Assets/Inputs/PlayerInputs.inputactions
  artifactKey: Guid(06c2f9212216ccf4688df6323e065574) Importer(815301076,1909f56bfc062723c751e8b465ee728b)
Start importing Assets/Inputs/PlayerInputs.inputactions using Guid(06c2f9212216ccf4688df6323e065574) Importer(815301076,1909f56bfc062723c751e8b465ee728b)  -> (artifact id: 'd5b76fd73fef1267a15063bf9c9c6bba') in 0.024045 seconds
  Import took 0.026964 seconds .

========================================================================
Received Prepare
Registering precompiled user dll's ...
Registered in 0.000978 seconds.
Begin MonoManager ReloadAssembly
Native extension for WindowsStandalone target not found
Refreshing native plugins compatible for Editor in 0.76 ms, found 0 plugins.
Preloading 0 native plugins for Editor in 0.00 ms.
Invoked RoslynAnalysisRunner static constructor.
RoslynAnalysisRunner will not be running.
RoslynAnalysisRunner has terminated.
Mono: successfully reloaded assembly
- Completed reload, in  0.636 seconds
Platform modules already initialized, skipping
Refreshing native plugins compatible for Editor in 0.78 ms, found 0 plugins.
Preloading 0 native plugins for Editor in 0.00 ms.
Unloading 1579 Unused Serialized files (Serialized files now loaded: 0)
System memory in use before: 97.6 MB.
System memory in use after: 97.7 MB.

Unloading 6 unused Assets to reduce memory usage. Loaded Objects now: 2081.
Total: 1.691900 ms (FindLiveObjects: 0.148000 ms CreateObjectMapping: 0.037700 ms MarkObjects: 1.493400 ms  DeleteObjects: 0.011700 ms)

========================================================================
Received Prepare
Registering precompiled user dll's ...
Registered in 0.000947 seconds.
Begin MonoManager ReloadAssembly
Native extension for WindowsStandalone target not found
Refreshing native plugins compatible for Editor in 0.75 ms, found 0 plugins.
Preloading 0 native plugins for Editor in 0.00 ms.
Invoked RoslynAnalysisRunner static constructor.
RoslynAnalysisRunner will not be running.
RoslynAnalysisRunner has terminated.
Mono: successfully reloaded assembly
- Completed reload, in  0.633 seconds
Platform modules already initialized, skipping
Refreshing native plugins compatible for Editor in 0.77 ms, found 0 plugins.
Preloading 0 native plugins for Editor in 0.00 ms.
Unloading 1579 Unused Serialized files (Serialized files now loaded: 0)
System memory in use before: 97.6 MB.
System memory in use after: 97.7 MB.

Unloading 6 unused Assets to reduce memory usage. Loaded Objects now: 2084.
Total: 1.529000 ms (FindLiveObjects: 0.201000 ms CreateObjectMapping: 0.038800 ms MarkObjects: 1.277400 ms  DeleteObjects: 0.010900 ms)

========================================================================
Received Prepare
Registering precompiled user dll's ...
Registered in 0.001009 seconds.
Begin MonoManager ReloadAssembly
Native extension for WindowsStandalone target not found
Refreshing native plugins compatible for Editor in 0.87 ms, found 0 plugins.
Preloading 0 native plugins for Editor in 0.00 ms.
Invoked RoslynAnalysisRunner static constructor.
RoslynAnalysisRunner will not be running.
RoslynAnalysisRunner has terminated.
Mono: successfully reloaded assembly
- Completed reload, in  0.648 seconds
Platform modules already initialized, skipping
Refreshing native plugins compatible for Editor in 0.77 ms, found 0 plugins.
Preloading 0 native plugins for Editor in 0.00 ms.
Unloading 1579 Unused Serialized files (Serialized files now loaded: 0)
System memory in use before: 97.6 MB.
System memory in use after: 97.7 MB.

Unloading 6 unused Assets to reduce memory usage. Loaded Objects now: 2087.
Total: 1.434300 ms (FindLiveObjects: 0.137300 ms CreateObjectMapping: 0.032500 ms MarkObjects: 1.252900 ms  DeleteObjects: 0.010400 ms)

