Using pre-set license
Built from '2020.3/staging' branch; Version is '2020.3.0f1 (c7b5465681fb) revision 13088070'; Using compiler version '192528614'; Build Type 'Release'
OS: 'Windows 10 Home; OS build 19042.867; Version 2009; 64bit' Language: 'en' Physical Memory: 32694 MB
BatchMode: 1, IsHumanControllingUs: 0, StartBugReporterOnCrash: 0, Is64bit: 1, IsPro: 0

 COMMAND LINE ARGUMENTS:
C:\Program Files\Unity\Hub\Editor\2020.3.0f1\Editor\Unity.exe
-adb2
-batchMode
-noUpm
-name
AssetImportWorker0
-projectPath
C:/Users/cocru/Documents/GitHub/FighterZ/BattleBots
-logFile
Logs/AssetImportWorker0.log
-srvPort
51195
Successfully changed project path to: C:/Users/cocru/Documents/GitHub/FighterZ/BattleBots
C:/Users/cocru/Documents/GitHub/FighterZ/BattleBots
Using Asset Import Pipeline V2.
Refreshing native plugins compatible for Editor in 84.97 ms, found 0 plugins.
Preloading 0 native plugins for Editor in 0.00 ms.
Initialize engine version: 2020.3.0f1 (c7b5465681fb)
[Subsystems] Discovering subsystems at path C:/Program Files/Unity/Hub/Editor/2020.3.0f1/Editor/Data/Resources/UnitySubsystems
[Subsystems] Discovering subsystems at path C:/Users/cocru/Documents/GitHub/FighterZ/BattleBots/Assets
GfxDevice: creating device client; threaded=0
Direct3D:
    Version:  Direct3D 11.0 [level 11.1]
    Renderer: NVIDIA GeForce GTX 1080 (ID=0x1b80)
    Vendor:   
    VRAM:     8079 MB
    Driver:   27.21.14.6172
Initialize mono
Mono path[0] = 'C:/Program Files/Unity/Hub/Editor/2020.3.0f1/Editor/Data/Managed'
Mono path[1] = 'C:/Program Files/Unity/Hub/Editor/2020.3.0f1/Editor/Data/MonoBleedingEdge/lib/mono/unityjit'
Mono config path = 'C:/Program Files/Unity/Hub/Editor/2020.3.0f1/Editor/Data/MonoBleedingEdge/etc'
Using monoOptions --debugger-agent=transport=dt_socket,embedding=1,server=y,suspend=n,address=127.0.0.1:56340
Begin MonoManager ReloadAssembly
Registering precompiled unity dll's ...
Register platform support module: C:/Program Files/Unity/Hub/Editor/2020.3.0f1/Editor/Data/PlaybackEngines/WindowsStandaloneSupport/UnityEditor.WindowsStandalone.Extensions.dll
Registered in 0.001673 seconds.
Native extension for WindowsStandalone target not found
Refreshing native plugins compatible for Editor in 68.18 ms, found 0 plugins.
Preloading 0 native plugins for Editor in 0.00 ms.
Invoked RoslynAnalysisRunner static constructor.
RoslynAnalysisRunner will not be running.
RoslynAnalysisRunner has terminated.
Mono: successfully reloaded assembly
- Completed reload, in  1.008 seconds
Platform modules already initialized, skipping
Registering precompiled user dll's ...
Registered in 0.001429 seconds.
Begin MonoManager ReloadAssembly
Native extension for WindowsStandalone target not found
Refreshing native plugins compatible for Editor in 66.14 ms, found 0 plugins.
Preloading 0 native plugins for Editor in 0.00 ms.
Invoked RoslynAnalysisRunner static constructor.
RoslynAnalysisRunner will not be running.
RoslynAnalysisRunner has terminated.
Mono: successfully reloaded assembly
- Completed reload, in  0.795 seconds
Platform modules already initialized, skipping
========================================================================
Worker process is ready to serve import requests
Launched and connected shader compiler UnityShaderCompiler.exe after 0.03 seconds
Refreshing native plugins compatible for Editor in 0.76 ms, found 0 plugins.
Preloading 0 native plugins for Editor in 0.00 ms.
Unloading 1602 Unused Serialized files (Serialized files now loaded: 0)
System memory in use before: 98.8 MB.
System memory in use after: 98.9 MB.

Unloading 11 unused Assets to reduce memory usage. Loaded Objects now: 2072.
Total: 1.830000 ms (FindLiveObjects: 0.180500 ms CreateObjectMapping: 0.044700 ms MarkObjects: 1.586600 ms  DeleteObjects: 0.017300 ms)

========================================================================
Received Import Request.
  path: Assets/Prefabs/FistPlayer/Falling To Landing.fbx
  artifactKey: Guid(8890dae557fe7874f9d70fb353f2b8d9) Importer(815301076,1909f56bfc062723c751e8b465ee728b)
Start importing Assets/Prefabs/FistPlayer/Falling To Landing.fbx using Guid(8890dae557fe7874f9d70fb353f2b8d9) Importer(815301076,1909f56bfc062723c751e8b465ee728b)  -> (artifact id: '197004f7d8cded35d6ca565a41a76482') in 0.140345 seconds
  Import took 0.143593 seconds .

========================================================================
Received Import Request.
  Time since last request: 0.000174 seconds.
  path: Assets/Prefabs/FistPlayer/Roll 1.fbx
  artifactKey: Guid(e4a55d9ccf98b574f9e4248a9bf4cd19) Importer(815301076,1909f56bfc062723c751e8b465ee728b)
Start importing Assets/Prefabs/FistPlayer/Roll 1.fbx using Guid(e4a55d9ccf98b574f9e4248a9bf4cd19) Importer(815301076,1909f56bfc062723c751e8b465ee728b)  -> (artifact id: 'c0f57a4d6d243cc8e98bbef5476a4299') in 0.025383 seconds
  Import took 0.028150 seconds .

========================================================================
Received Import Request.
  Time since last request: 0.000138 seconds.
  path: Assets/Prefabs/FistPlayer/SelectFist.prefab
  artifactKey: Guid(d9bf26beaa27ec44e9a787674b825f4a) Importer(815301076,1909f56bfc062723c751e8b465ee728b)
Start importing Assets/Prefabs/FistPlayer/SelectFist.prefab using Guid(d9bf26beaa27ec44e9a787674b825f4a) Importer(815301076,1909f56bfc062723c751e8b465ee728b)  -> (artifact id: 'b98257b187f6e81170e4468556f36c99') in 0.212506 seconds
  Import took 0.230077 seconds .

========================================================================
Received Import Request.
  Time since last request: 0.000133 seconds.
  path: Assets/Prefabs/FistPlayer/Knockback.fbx
  artifactKey: Guid(2e64cf7d88cd12144a2823ea58cfe09b) Importer(815301076,1909f56bfc062723c751e8b465ee728b)
Start importing Assets/Prefabs/FistPlayer/Knockback.fbx using Guid(2e64cf7d88cd12144a2823ea58cfe09b) Importer(815301076,1909f56bfc062723c751e8b465ee728b)  -> (artifact id: '41baf615abcc626543a71176a2e96fcc') in 0.029394 seconds
  Import took 0.032168 seconds .

========================================================================
Received Import Request.
  Time since last request: 0.000160 seconds.
  path: Assets/Prefabs/FistPlayer/Roll.fbx
  artifactKey: Guid(d16939e121e78dd4eb0e728dbd9f5ee8) Importer(815301076,1909f56bfc062723c751e8b465ee728b)
Start importing Assets/Prefabs/FistPlayer/Roll.fbx using Guid(d16939e121e78dd4eb0e728dbd9f5ee8) Importer(815301076,1909f56bfc062723c751e8b465ee728b)  -> (artifact id: '2fab5ffb9381aa6016f1a023cd58e17d') in 0.026356 seconds
  Import took 0.028898 seconds .

========================================================================
Received Import Request.
  Time since last request: 0.000233 seconds.
  path: Assets/Prefabs/FistPlayer/Knockback.fbx
  artifactKey: Guid(2e64cf7d88cd12144a2823ea58cfe09b) Importer(815301076,1909f56bfc062723c751e8b465ee728b)
Start importing Assets/Prefabs/FistPlayer/Knockback.fbx using Guid(2e64cf7d88cd12144a2823ea58cfe09b) Importer(815301076,1909f56bfc062723c751e8b465ee728b)  -> (artifact id: '41baf615abcc626543a71176a2e96fcc') in 0.022789 seconds
  Import took 0.025530 seconds .

========================================================================
Received Import Request.
  Time since last request: 0.000181 seconds.
  path: Assets/Prefabs/FistPlayer/Knockback 1.fbx
  artifactKey: Guid(5f6ca77ef5c1d7043984cec6690a2645) Importer(815301076,1909f56bfc062723c751e8b465ee728b)
Start importing Assets/Prefabs/FistPlayer/Knockback 1.fbx using Guid(5f6ca77ef5c1d7043984cec6690a2645) Importer(815301076,1909f56bfc062723c751e8b465ee728b)  -> (artifact id: 'd87d4f2f5fd1dfa58550228f0cd2ae1e') in 0.024657 seconds
  Import took 0.027352 seconds .

========================================================================
Received Import Request.
  Time since last request: 0.000168 seconds.
  path: Assets/Prefabs/FistPlayer/Falling To Landing 1.fbx
  artifactKey: Guid(e020edc82cbfc7847b2a4ca0702acf6b) Importer(815301076,1909f56bfc062723c751e8b465ee728b)
Start importing Assets/Prefabs/FistPlayer/Falling To Landing 1.fbx using Guid(e020edc82cbfc7847b2a4ca0702acf6b) Importer(815301076,1909f56bfc062723c751e8b465ee728b)  -> (artifact id: 'd322897437f2ec3f86e7721e7b47d16d') in 0.037365 seconds
  Import took 0.040651 seconds .

========================================================================
Received Import Request.
  Time since last request: 0.018570 seconds.
  path: Assets/Prefabs/FistPlayer
  artifactKey: Guid(e4c7b1e9741a7d344b496df2295c6633) Importer(815301076,1909f56bfc062723c751e8b465ee728b)
Start importing Assets/Prefabs/FistPlayer using Guid(e4c7b1e9741a7d344b496df2295c6633) Importer(815301076,1909f56bfc062723c751e8b465ee728b)  -> (artifact id: '4ee7638157035a38d5e904ca5a3bfdf6') in 0.015295 seconds
  Import took 0.018631 seconds .

========================================================================
Received Import Request.
  Time since last request: 0.003121 seconds.
  path: Assets/Prefabs/FistPlayer/Player.prefab
  artifactKey: Guid(13d70848c015b674e84c1b7dc2ec2cc7) Importer(815301076,1909f56bfc062723c751e8b465ee728b)
Start importing Assets/Prefabs/FistPlayer/Player.prefab using Guid(13d70848c015b674e84c1b7dc2ec2cc7) Importer(815301076,1909f56bfc062723c751e8b465ee728b)  -> (artifact id: '3ab3930e8721be77247738a066269b09') in 0.143638 seconds
  Import took 0.160918 seconds .

========================================================================
Received Prepare
Registering precompiled user dll's ...
Registered in 0.001292 seconds.
Begin MonoManager ReloadAssembly
Native extension for WindowsStandalone target not found
Refreshing native plugins compatible for Editor in 0.76 ms, found 0 plugins.
Preloading 0 native plugins for Editor in 0.00 ms.
Invoked RoslynAnalysisRunner static constructor.
RoslynAnalysisRunner will not be running.
RoslynAnalysisRunner has terminated.
Mono: successfully reloaded assembly
- Completed reload, in  0.703 seconds
Platform modules already initialized, skipping
Refreshing native plugins compatible for Editor in 0.82 ms, found 0 plugins.
Preloading 0 native plugins for Editor in 0.00 ms.
Unloading 1579 Unused Serialized files (Serialized files now loaded: 0)
System memory in use before: 117.2 MB.
System memory in use after: 117.3 MB.

Unloading 6 unused Assets to reduce memory usage. Loaded Objects now: 2121.
Total: 1.669300 ms (FindLiveObjects: 0.200100 ms CreateObjectMapping: 0.036200 ms MarkObjects: 1.417300 ms  DeleteObjects: 0.014700 ms)

========================================================================
Received Import Request.
  Time since last request: 58.237771 seconds.
  path: Assets/Prefabs/FistPlayer/Knockback.fbx
  artifactKey: Guid(2e64cf7d88cd12144a2823ea58cfe09b) Importer(815301076,1909f56bfc062723c751e8b465ee728b)
Start importing Assets/Prefabs/FistPlayer/Knockback.fbx using Guid(2e64cf7d88cd12144a2823ea58cfe09b) Importer(815301076,1909f56bfc062723c751e8b465ee728b)  -> (artifact id: '1900d6884abfffcba01ce2217803f019') in 0.091787 seconds
  Import took 0.094898 seconds .

========================================================================
Received Prepare
Registering precompiled user dll's ...
Registered in 0.001176 seconds.
Begin MonoManager ReloadAssembly
Native extension for WindowsStandalone target not found
Refreshing native plugins compatible for Editor in 0.75 ms, found 0 plugins.
Preloading 0 native plugins for Editor in 0.00 ms.
Invoked RoslynAnalysisRunner static constructor.
RoslynAnalysisRunner will not be running.
RoslynAnalysisRunner has terminated.
Mono: successfully reloaded assembly
- Completed reload, in  0.682 seconds
Platform modules already initialized, skipping
Refreshing native plugins compatible for Editor in 0.82 ms, found 0 plugins.
Preloading 0 native plugins for Editor in 0.00 ms.
Unloading 1579 Unused Serialized files (Serialized files now loaded: 0)
System memory in use before: 117.2 MB.
System memory in use after: 117.3 MB.

Unloading 6 unused Assets to reduce memory usage. Loaded Objects now: 2125.
Total: 1.650900 ms (FindLiveObjects: 0.224400 ms CreateObjectMapping: 0.039700 ms MarkObjects: 1.373800 ms  DeleteObjects: 0.012200 ms)

========================================================================
Received Import Request.
  Time since last request: 30.222442 seconds.
  path: Assets/Prefabs/FistPlayer/Knockback.fbx
  artifactKey: Guid(2e64cf7d88cd12144a2823ea58cfe09b) Importer(815301076,1909f56bfc062723c751e8b465ee728b)
Start importing Assets/Prefabs/FistPlayer/Knockback.fbx using Guid(2e64cf7d88cd12144a2823ea58cfe09b) Importer(815301076,1909f56bfc062723c751e8b465ee728b)  -> (artifact id: '36bafb87288e62cb356ac78e169e1942') in 0.075736 seconds
  Import took 0.078715 seconds .

========================================================================
Received Import Request.
  Time since last request: 1.178130 seconds.
  path: Assets/Prefabs/FistPlayer/Knockback.fbx
  artifactKey: Guid(2e64cf7d88cd12144a2823ea58cfe09b) Importer(815301076,1909f56bfc062723c751e8b465ee728b)
Start importing Assets/Prefabs/FistPlayer/Knockback.fbx using Guid(2e64cf7d88cd12144a2823ea58cfe09b) Importer(815301076,1909f56bfc062723c751e8b465ee728b)  -> (artifact id: '36bafb87288e62cb356ac78e169e1942') in 0.020587 seconds
  Import took 0.023239 seconds .

========================================================================
Received Prepare
Registering precompiled user dll's ...
Registered in 0.001219 seconds.
Begin MonoManager ReloadAssembly
Native extension for WindowsStandalone target not found
Refreshing native plugins compatible for Editor in 0.76 ms, found 0 plugins.
Preloading 0 native plugins for Editor in 0.00 ms.
Invoked RoslynAnalysisRunner static constructor.
RoslynAnalysisRunner will not be running.
RoslynAnalysisRunner has terminated.
Mono: successfully reloaded assembly
- Completed reload, in  0.684 seconds
Platform modules already initialized, skipping
Refreshing native plugins compatible for Editor in 0.84 ms, found 0 plugins.
Preloading 0 native plugins for Editor in 0.00 ms.
Unloading 1579 Unused Serialized files (Serialized files now loaded: 0)
System memory in use before: 117.3 MB.
System memory in use after: 117.4 MB.

Unloading 6 unused Assets to reduce memory usage. Loaded Objects now: 2129.
Total: 1.564700 ms (FindLiveObjects: 0.188400 ms CreateObjectMapping: 0.032900 ms MarkObjects: 1.331600 ms  DeleteObjects: 0.011100 ms)

========================================================================
Received Import Request.
  Time since last request: 87.906211 seconds.
  path: Assets/Prefabs/FistPlayer/Falling To Landing.fbx
  artifactKey: Guid(8890dae557fe7874f9d70fb353f2b8d9) Importer(815301076,1909f56bfc062723c751e8b465ee728b)
Start importing Assets/Prefabs/FistPlayer/Falling To Landing.fbx using Guid(8890dae557fe7874f9d70fb353f2b8d9) Importer(815301076,1909f56bfc062723c751e8b465ee728b)  -> (artifact id: '7179e135c7f408874332390352830feb') in 0.078792 seconds
  Import took 0.081711 seconds .

========================================================================
Received Import Request.
  Time since last request: 1.617563 seconds.
  path: Assets/Prefabs/FistPlayer/Falling To Landing.fbx
  artifactKey: Guid(8890dae557fe7874f9d70fb353f2b8d9) Importer(815301076,1909f56bfc062723c751e8b465ee728b)
Start importing Assets/Prefabs/FistPlayer/Falling To Landing.fbx using Guid(8890dae557fe7874f9d70fb353f2b8d9) Importer(815301076,1909f56bfc062723c751e8b465ee728b)  -> (artifact id: '7179e135c7f408874332390352830feb') in 0.021095 seconds
  Import took 0.023831 seconds .

========================================================================
Received Prepare
Registering precompiled user dll's ...
Registered in 0.001111 seconds.
Begin MonoManager ReloadAssembly
Native extension for WindowsStandalone target not found
Refreshing native plugins compatible for Editor in 0.78 ms, found 0 plugins.
Preloading 0 native plugins for Editor in 0.00 ms.
Invoked RoslynAnalysisRunner static constructor.
RoslynAnalysisRunner will not be running.
RoslynAnalysisRunner has terminated.
Mono: successfully reloaded assembly
- Completed reload, in  0.681 seconds
Platform modules already initialized, skipping
Refreshing native plugins compatible for Editor in 0.79 ms, found 0 plugins.
Preloading 0 native plugins for Editor in 0.00 ms.
Unloading 1579 Unused Serialized files (Serialized files now loaded: 0)
System memory in use before: 117.3 MB.
System memory in use after: 117.4 MB.

Unloading 6 unused Assets to reduce memory usage. Loaded Objects now: 2133.
Total: 1.635400 ms (FindLiveObjects: 0.174300 ms CreateObjectMapping: 0.041000 ms MarkObjects: 1.406400 ms  DeleteObjects: 0.012900 ms)

========================================================================
Received Import Request.
  Time since last request: 100.933558 seconds.
  path: Assets/Prefabs/FistPlayer/Roll.fbx
  artifactKey: Guid(d16939e121e78dd4eb0e728dbd9f5ee8) Importer(815301076,1909f56bfc062723c751e8b465ee728b)
Start importing Assets/Prefabs/FistPlayer/Roll.fbx using Guid(d16939e121e78dd4eb0e728dbd9f5ee8) Importer(815301076,1909f56bfc062723c751e8b465ee728b)  -> (artifact id: 'b443356caad1850b2c4d5cc2c764aa46') in 0.080699 seconds
  Import took 0.084124 seconds .

========================================================================
Received Import Request.
  Time since last request: 1.204459 seconds.
  path: Assets/Prefabs/FistPlayer/Roll.fbx
  artifactKey: Guid(d16939e121e78dd4eb0e728dbd9f5ee8) Importer(815301076,1909f56bfc062723c751e8b465ee728b)
Start importing Assets/Prefabs/FistPlayer/Roll.fbx using Guid(d16939e121e78dd4eb0e728dbd9f5ee8) Importer(815301076,1909f56bfc062723c751e8b465ee728b)  -> (artifact id: 'b443356caad1850b2c4d5cc2c764aa46') in 0.021328 seconds
  Import took 0.024006 seconds .

========================================================================
Received Prepare
Registering precompiled user dll's ...
Registered in 0.001179 seconds.
Begin MonoManager ReloadAssembly
Native extension for WindowsStandalone target not found
Refreshing native plugins compatible for Editor in 0.77 ms, found 0 plugins.
Preloading 0 native plugins for Editor in 0.00 ms.
Invoked RoslynAnalysisRunner static constructor.
RoslynAnalysisRunner will not be running.
RoslynAnalysisRunner has terminated.
Mono: successfully reloaded assembly
- Completed reload, in  0.712 seconds
Platform modules already initialized, skipping
Refreshing native plugins compatible for Editor in 0.79 ms, found 0 plugins.
Preloading 0 native plugins for Editor in 0.00 ms.
Unloading 1579 Unused Serialized files (Serialized files now loaded: 0)
System memory in use before: 117.3 MB.
System memory in use after: 117.4 MB.

Unloading 6 unused Assets to reduce memory usage. Loaded Objects now: 2137.
Total: 1.714400 ms (FindLiveObjects: 0.183600 ms CreateObjectMapping: 0.043900 ms MarkObjects: 1.473100 ms  DeleteObjects: 0.012700 ms)

========================================================================
Received Import Request.
  Time since last request: 31.547001 seconds.
  path: Assets/Prefabs/FistPlayer/Roll.fbx
  artifactKey: Guid(d16939e121e78dd4eb0e728dbd9f5ee8) Importer(815301076,1909f56bfc062723c751e8b465ee728b)
Start importing Assets/Prefabs/FistPlayer/Roll.fbx using Guid(d16939e121e78dd4eb0e728dbd9f5ee8) Importer(815301076,1909f56bfc062723c751e8b465ee728b)  -> (artifact id: '86aa3a06be74cbb228c52e368809f7a6') in 0.079975 seconds
  Import took 0.082968 seconds .

========================================================================
Received Import Request.
  Time since last request: 0.892469 seconds.
  path: Assets/Prefabs/FistPlayer/Roll.fbx
  artifactKey: Guid(d16939e121e78dd4eb0e728dbd9f5ee8) Importer(815301076,1909f56bfc062723c751e8b465ee728b)
Start importing Assets/Prefabs/FistPlayer/Roll.fbx using Guid(d16939e121e78dd4eb0e728dbd9f5ee8) Importer(815301076,1909f56bfc062723c751e8b465ee728b)  -> (artifact id: '86aa3a06be74cbb228c52e368809f7a6') in 0.020445 seconds
  Import took 0.023443 seconds .

========================================================================
Received Prepare
Registering precompiled user dll's ...
Registered in 0.001566 seconds.
Begin MonoManager ReloadAssembly
Native extension for WindowsStandalone target not found
Refreshing native plugins compatible for Editor in 0.75 ms, found 0 plugins.
Preloading 0 native plugins for Editor in 0.00 ms.
Invoked RoslynAnalysisRunner static constructor.
RoslynAnalysisRunner will not be running.
RoslynAnalysisRunner has terminated.
Mono: successfully reloaded assembly
- Completed reload, in  0.692 seconds
Platform modules already initialized, skipping
Refreshing native plugins compatible for Editor in 0.77 ms, found 0 plugins.
Preloading 0 native plugins for Editor in 0.00 ms.
Unloading 1579 Unused Serialized files (Serialized files now loaded: 0)
System memory in use before: 117.3 MB.
System memory in use after: 117.4 MB.

Unloading 6 unused Assets to reduce memory usage. Loaded Objects now: 2141.
Total: 1.635600 ms (FindLiveObjects: 0.176300 ms CreateObjectMapping: 0.045100 ms MarkObjects: 1.400300 ms  DeleteObjects: 0.012700 ms)

========================================================================
Received Import Request.
  Time since last request: 36.127766 seconds.
  path: Assets/Animation/FistPlayerAnimationController.controller
  artifactKey: Guid(e81fa609607d0114193abe05b6df315b) Importer(815301076,1909f56bfc062723c751e8b465ee728b)
Start importing Assets/Animation/FistPlayerAnimationController.controller using Guid(e81fa609607d0114193abe05b6df315b) Importer(815301076,1909f56bfc062723c751e8b465ee728b)  -> (artifact id: '2b0debb966efdf278358f82517393d7d') in 0.023979 seconds
  Import took 0.027205 seconds .

========================================================================
Received Prepare
Registering precompiled user dll's ...
Registered in 0.001214 seconds.
Begin MonoManager ReloadAssembly
Native extension for WindowsStandalone target not found
Refreshing native plugins compatible for Editor in 0.75 ms, found 0 plugins.
Preloading 0 native plugins for Editor in 0.00 ms.
Invoked RoslynAnalysisRunner static constructor.
RoslynAnalysisRunner will not be running.
RoslynAnalysisRunner has terminated.
Mono: successfully reloaded assembly
- Completed reload, in  0.636 seconds
Platform modules already initialized, skipping
Refreshing native plugins compatible for Editor in 0.76 ms, found 0 plugins.
Preloading 0 native plugins for Editor in 0.00 ms.
Unloading 1579 Unused Serialized files (Serialized files now loaded: 0)
System memory in use before: 117.3 MB.
System memory in use after: 117.5 MB.

Unloading 6 unused Assets to reduce memory usage. Loaded Objects now: 2144.
Total: 1.457100 ms (FindLiveObjects: 0.152300 ms CreateObjectMapping: 0.031900 ms MarkObjects: 1.260800 ms  DeleteObjects: 0.011400 ms)

========================================================================
Received Import Request.
  Time since last request: 303.904212 seconds.
  path: Assets/Prefabs/FistPlayer/Roll.fbx
  artifactKey: Guid(d16939e121e78dd4eb0e728dbd9f5ee8) Importer(815301076,1909f56bfc062723c751e8b465ee728b)
Start importing Assets/Prefabs/FistPlayer/Roll.fbx using Guid(d16939e121e78dd4eb0e728dbd9f5ee8) Importer(815301076,1909f56bfc062723c751e8b465ee728b)  -> (artifact id: '9a87921d36f867e5f4d98e31c79c1be0') in 0.075373 seconds
  Import took 0.078373 seconds .

========================================================================
Received Prepare
Registering precompiled user dll's ...
Registered in 0.001071 seconds.
Begin MonoManager ReloadAssembly
Native extension for WindowsStandalone target not found
Refreshing native plugins compatible for Editor in 0.76 ms, found 0 plugins.
Preloading 0 native plugins for Editor in 0.00 ms.
Invoked RoslynAnalysisRunner static constructor.
RoslynAnalysisRunner will not be running.
RoslynAnalysisRunner has terminated.
Mono: successfully reloaded assembly
- Completed reload, in  0.683 seconds
Platform modules already initialized, skipping
Refreshing native plugins compatible for Editor in 0.83 ms, found 0 plugins.
Preloading 0 native plugins for Editor in 0.00 ms.
Unloading 1579 Unused Serialized files (Serialized files now loaded: 0)
System memory in use before: 117.4 MB.
System memory in use after: 117.5 MB.

Unloading 6 unused Assets to reduce memory usage. Loaded Objects now: 2148.
Total: 1.637200 ms (FindLiveObjects: 0.168400 ms CreateObjectMapping: 0.038100 ms MarkObjects: 1.416400 ms  DeleteObjects: 0.013700 ms)

========================================================================
Received Prepare
Registering precompiled user dll's ...
Registered in 0.000942 seconds.
Begin MonoManager ReloadAssembly
Native extension for WindowsStandalone target not found
Refreshing native plugins compatible for Editor in 0.78 ms, found 0 plugins.
Preloading 0 native plugins for Editor in 0.00 ms.
Invoked RoslynAnalysisRunner static constructor.
RoslynAnalysisRunner will not be running.
RoslynAnalysisRunner has terminated.
Mono: successfully reloaded assembly
- Completed reload, in  0.644 seconds
Platform modules already initialized, skipping
Refreshing native plugins compatible for Editor in 0.76 ms, found 0 plugins.
Preloading 0 native plugins for Editor in 0.00 ms.
Unloading 1579 Unused Serialized files (Serialized files now loaded: 0)
System memory in use before: 117.4 MB.
System memory in use after: 117.5 MB.

Unloading 6 unused Assets to reduce memory usage. Loaded Objects now: 2151.
Total: 1.554600 ms (FindLiveObjects: 0.166800 ms CreateObjectMapping: 0.032800 ms MarkObjects: 1.343200 ms  DeleteObjects: 0.011000 ms)

========================================================================
Received Import Request.
  Time since last request: 429.588179 seconds.
  path: Assets/Scripts/PlayerController.cs
  artifactKey: Guid(544daa94f0222244ab54c2ef4f5e5f63) Importer(815301076,1909f56bfc062723c751e8b465ee728b)
Start importing Assets/Scripts/PlayerController.cs using Guid(544daa94f0222244ab54c2ef4f5e5f63) Importer(815301076,1909f56bfc062723c751e8b465ee728b)  -> (artifact id: 'd35988bb90005287510a3739ac5ecbe0') in 0.010996 seconds
  Import took 0.013667 seconds .

========================================================================
Received Import Request.
  Time since last request: 1.008555 seconds.
  path: Assets/Scripts/PlayerController.cs
  artifactKey: Guid(544daa94f0222244ab54c2ef4f5e5f63) Importer(815301076,1909f56bfc062723c751e8b465ee728b)
Start importing Assets/Scripts/PlayerController.cs using Guid(544daa94f0222244ab54c2ef4f5e5f63) Importer(815301076,1909f56bfc062723c751e8b465ee728b)  -> (artifact id: 'd35988bb90005287510a3739ac5ecbe0') in 0.002478 seconds
  Import took 0.004826 seconds .

========================================================================
Received Prepare
Registering precompiled user dll's ...
Registered in 0.001016 seconds.
Begin MonoManager ReloadAssembly
Native extension for WindowsStandalone target not found
Refreshing native plugins compatible for Editor in 0.76 ms, found 0 plugins.
Preloading 0 native plugins for Editor in 0.00 ms.
Invoked RoslynAnalysisRunner static constructor.
RoslynAnalysisRunner will not be running.
RoslynAnalysisRunner has terminated.
Mono: successfully reloaded assembly
- Completed reload, in  0.638 seconds
Platform modules already initialized, skipping
Refreshing native plugins compatible for Editor in 0.79 ms, found 0 plugins.
Preloading 0 native plugins for Editor in 0.00 ms.
Unloading 1579 Unused Serialized files (Serialized files now loaded: 0)
System memory in use before: 117.4 MB.
System memory in use after: 117.5 MB.

Unloading 6 unused Assets to reduce memory usage. Loaded Objects now: 2154.
Total: 1.573300 ms (FindLiveObjects: 0.167400 ms CreateObjectMapping: 0.037600 ms MarkObjects: 1.356300 ms  DeleteObjects: 0.011000 ms)

========================================================================
Received Prepare
Registering precompiled user dll's ...
Registered in 0.000898 seconds.
Begin MonoManager ReloadAssembly
Native extension for WindowsStandalone target not found
Refreshing native plugins compatible for Editor in 0.75 ms, found 0 plugins.
Preloading 0 native plugins for Editor in 0.00 ms.
Invoked RoslynAnalysisRunner static constructor.
RoslynAnalysisRunner will not be running.
RoslynAnalysisRunner has terminated.
Mono: successfully reloaded assembly
- Completed reload, in  0.646 seconds
Platform modules already initialized, skipping
Refreshing native plugins compatible for Editor in 1.20 ms, found 0 plugins.
Preloading 0 native plugins for Editor in 0.00 ms.
Unloading 1579 Unused Serialized files (Serialized files now loaded: 0)
System memory in use before: 117.4 MB.
System memory in use after: 117.5 MB.

Unloading 6 unused Assets to reduce memory usage. Loaded Objects now: 2157.
Total: 1.772800 ms (FindLiveObjects: 0.256700 ms CreateObjectMapping: 0.035200 ms MarkObjects: 1.464600 ms  DeleteObjects: 0.015500 ms)

========================================================================
Received Import Request.
  Time since last request: 119.660760 seconds.
  path: Assets/Scripts/PlayerController.cs
  artifactKey: Guid(544daa94f0222244ab54c2ef4f5e5f63) Importer(815301076,1909f56bfc062723c751e8b465ee728b)
Start importing Assets/Scripts/PlayerController.cs using Guid(544daa94f0222244ab54c2ef4f5e5f63) Importer(815301076,1909f56bfc062723c751e8b465ee728b)  -> (artifact id: '1b5c700ed530c55a51731f2e83cbd026') in 0.004511 seconds
  Import took 0.007111 seconds .

========================================================================
Received Import Request.
  Time since last request: 0.028302 seconds.
  path: Assets/Scripts/PlayerController.cs
  artifactKey: Guid(544daa94f0222244ab54c2ef4f5e5f63) Importer(815301076,1909f56bfc062723c751e8b465ee728b)
Start importing Assets/Scripts/PlayerController.cs using Guid(544daa94f0222244ab54c2ef4f5e5f63) Importer(815301076,1909f56bfc062723c751e8b465ee728b)  -> (artifact id: '1b5c700ed530c55a51731f2e83cbd026') in 0.002652 seconds
  Import took 0.004620 seconds .

========================================================================
Received Prepare
Registering precompiled user dll's ...
Registered in 0.001290 seconds.
Begin MonoManager ReloadAssembly
Native extension for WindowsStandalone target not found
Refreshing native plugins compatible for Editor in 0.85 ms, found 0 plugins.
Preloading 0 native plugins for Editor in 0.00 ms.
Invoked RoslynAnalysisRunner static constructor.
RoslynAnalysisRunner will not be running.
RoslynAnalysisRunner has terminated.
Mono: successfully reloaded assembly
- Completed reload, in  0.641 seconds
Platform modules already initialized, skipping
Refreshing native plugins compatible for Editor in 0.79 ms, found 0 plugins.
Preloading 0 native plugins for Editor in 0.00 ms.
Unloading 1579 Unused Serialized files (Serialized files now loaded: 0)
System memory in use before: 117.4 MB.
System memory in use after: 117.5 MB.

Unloading 6 unused Assets to reduce memory usage. Loaded Objects now: 2160.
Total: 1.525200 ms (FindLiveObjects: 0.154600 ms CreateObjectMapping: 0.037300 ms MarkObjects: 1.321500 ms  DeleteObjects: 0.010900 ms)

========================================================================
Received Import Request.
  Time since last request: 31.682400 seconds.
  path: Assets/Scripts/PlayerController.cs
  artifactKey: Guid(544daa94f0222244ab54c2ef4f5e5f63) Importer(815301076,1909f56bfc062723c751e8b465ee728b)
Start importing Assets/Scripts/PlayerController.cs using Guid(544daa94f0222244ab54c2ef4f5e5f63) Importer(815301076,1909f56bfc062723c751e8b465ee728b)  -> (artifact id: 'ad61c8e9a3547db8c32e0cbb010f70f8') in 0.004294 seconds
  Import took 0.006854 seconds .

========================================================================
Received Import Request.
  Time since last request: 1.120606 seconds.
  path: Assets/Scripts/PlayerController.cs
  artifactKey: Guid(544daa94f0222244ab54c2ef4f5e5f63) Importer(815301076,1909f56bfc062723c751e8b465ee728b)
Start importing Assets/Scripts/PlayerController.cs using Guid(544daa94f0222244ab54c2ef4f5e5f63) Importer(815301076,1909f56bfc062723c751e8b465ee728b)  -> (artifact id: 'ad61c8e9a3547db8c32e0cbb010f70f8') in 0.002355 seconds
  Import took 0.004691 seconds .

========================================================================
Received Prepare
Registering precompiled user dll's ...
Registered in 0.001013 seconds.
Begin MonoManager ReloadAssembly
Native extension for WindowsStandalone target not found
Refreshing native plugins compatible for Editor in 0.75 ms, found 0 plugins.
Preloading 0 native plugins for Editor in 0.00 ms.
Invoked RoslynAnalysisRunner static constructor.
RoslynAnalysisRunner will not be running.
RoslynAnalysisRunner has terminated.
Mono: successfully reloaded assembly
- Completed reload, in  0.656 seconds
Platform modules already initialized, skipping
Refreshing native plugins compatible for Editor in 0.77 ms, found 0 plugins.
Preloading 0 native plugins for Editor in 0.00 ms.
Unloading 1579 Unused Serialized files (Serialized files now loaded: 0)
System memory in use before: 117.4 MB.
System memory in use after: 117.5 MB.

Unloading 6 unused Assets to reduce memory usage. Loaded Objects now: 2163.
Total: 1.531900 ms (FindLiveObjects: 0.153500 ms CreateObjectMapping: 0.032900 ms MarkObjects: 1.334800 ms  DeleteObjects: 0.009700 ms)

========================================================================
Received Import Request.
  Time since last request: 21.129367 seconds.
  path: Assets/Scripts/PlayerController.cs
  artifactKey: Guid(544daa94f0222244ab54c2ef4f5e5f63) Importer(815301076,1909f56bfc062723c751e8b465ee728b)
Start importing Assets/Scripts/PlayerController.cs using Guid(544daa94f0222244ab54c2ef4f5e5f63) Importer(815301076,1909f56bfc062723c751e8b465ee728b)  -> (artifact id: 'dc31cabdad691d79ed096deb162b1bbb') in 0.004252 seconds
  Import took 0.006865 seconds .

========================================================================
Received Import Request.
  Time since last request: 0.996988 seconds.
  path: Assets/Scripts/PlayerController.cs
  artifactKey: Guid(544daa94f0222244ab54c2ef4f5e5f63) Importer(815301076,1909f56bfc062723c751e8b465ee728b)
Start importing Assets/Scripts/PlayerController.cs using Guid(544daa94f0222244ab54c2ef4f5e5f63) Importer(815301076,1909f56bfc062723c751e8b465ee728b)  -> (artifact id: 'dc31cabdad691d79ed096deb162b1bbb') in 0.002498 seconds
  Import took 0.004903 seconds .

========================================================================
Received Prepare
Registering precompiled user dll's ...
Registered in 0.001125 seconds.
Begin MonoManager ReloadAssembly
Native extension for WindowsStandalone target not found
Refreshing native plugins compatible for Editor in 0.97 ms, found 0 plugins.
Preloading 0 native plugins for Editor in 0.00 ms.
Invoked RoslynAnalysisRunner static constructor.
RoslynAnalysisRunner will not be running.
RoslynAnalysisRunner has terminated.
Mono: successfully reloaded assembly
- Completed reload, in  0.662 seconds
Platform modules already initialized, skipping
Refreshing native plugins compatible for Editor in 0.78 ms, found 0 plugins.
Preloading 0 native plugins for Editor in 0.00 ms.
Unloading 1579 Unused Serialized files (Serialized files now loaded: 0)
System memory in use before: 117.4 MB.
System memory in use after: 117.5 MB.

Unloading 6 unused Assets to reduce memory usage. Loaded Objects now: 2166.
Total: 1.517300 ms (FindLiveObjects: 0.178900 ms CreateObjectMapping: 0.038200 ms MarkObjects: 1.287700 ms  DeleteObjects: 0.011400 ms)

========================================================================
Received Import Request.
  Time since last request: 25.031769 seconds.
  path: Assets/Scripts/PlayerController.cs
  artifactKey: Guid(544daa94f0222244ab54c2ef4f5e5f63) Importer(815301076,1909f56bfc062723c751e8b465ee728b)
Start importing Assets/Scripts/PlayerController.cs using Guid(544daa94f0222244ab54c2ef4f5e5f63) Importer(815301076,1909f56bfc062723c751e8b465ee728b)  -> (artifact id: '7a6de1297be9b3fad909d23d2040c00d') in 0.004323 seconds
  Import took 0.006945 seconds .

========================================================================
Received Import Request.
  Time since last request: 0.824012 seconds.
  path: Assets/Scripts/PlayerController.cs
  artifactKey: Guid(544daa94f0222244ab54c2ef4f5e5f63) Importer(815301076,1909f56bfc062723c751e8b465ee728b)
Start importing Assets/Scripts/PlayerController.cs using Guid(544daa94f0222244ab54c2ef4f5e5f63) Importer(815301076,1909f56bfc062723c751e8b465ee728b)  -> (artifact id: '7a6de1297be9b3fad909d23d2040c00d') in 0.002301 seconds
  Import took 0.004638 seconds .

========================================================================
Received Prepare
Registering precompiled user dll's ...
Registered in 0.000989 seconds.
Begin MonoManager ReloadAssembly
Native extension for WindowsStandalone target not found
Refreshing native plugins compatible for Editor in 0.76 ms, found 0 plugins.
Preloading 0 native plugins for Editor in 0.00 ms.
Invoked RoslynAnalysisRunner static constructor.
RoslynAnalysisRunner will not be running.
RoslynAnalysisRunner has terminated.
Mono: successfully reloaded assembly
- Completed reload, in  0.645 seconds
Platform modules already initialized, skipping
Refreshing native plugins compatible for Editor in 0.80 ms, found 0 plugins.
Preloading 0 native plugins for Editor in 0.00 ms.
Unloading 1579 Unused Serialized files (Serialized files now loaded: 0)
System memory in use before: 117.4 MB.
System memory in use after: 117.5 MB.

Unloading 6 unused Assets to reduce memory usage. Loaded Objects now: 2169.
Total: 1.601100 ms (FindLiveObjects: 0.191400 ms CreateObjectMapping: 0.034200 ms MarkObjects: 1.362400 ms  DeleteObjects: 0.012200 ms)

========================================================================
Received Prepare
Registering precompiled user dll's ...
Registered in 0.001144 seconds.
Begin MonoManager ReloadAssembly
Native extension for WindowsStandalone target not found
Refreshing native plugins compatible for Editor in 0.91 ms, found 0 plugins.
Preloading 0 native plugins for Editor in 0.00 ms.
Invoked RoslynAnalysisRunner static constructor.
RoslynAnalysisRunner will not be running.
RoslynAnalysisRunner has terminated.
Mono: successfully reloaded assembly
- Completed reload, in  0.645 seconds
Platform modules already initialized, skipping
Refreshing native plugins compatible for Editor in 0.81 ms, found 0 plugins.
Preloading 0 native plugins for Editor in 0.00 ms.
Unloading 1579 Unused Serialized files (Serialized files now loaded: 0)
System memory in use before: 117.4 MB.
System memory in use after: 117.5 MB.

Unloading 6 unused Assets to reduce memory usage. Loaded Objects now: 2172.
Total: 1.594500 ms (FindLiveObjects: 0.185700 ms CreateObjectMapping: 0.034500 ms MarkObjects: 1.361300 ms  DeleteObjects: 0.012100 ms)

========================================================================
Received Prepare
Registering precompiled user dll's ...
Registered in 0.001211 seconds.
Begin MonoManager ReloadAssembly
Native extension for WindowsStandalone target not found
Refreshing native plugins compatible for Editor in 0.86 ms, found 0 plugins.
Preloading 0 native plugins for Editor in 0.00 ms.
Invoked RoslynAnalysisRunner static constructor.
RoslynAnalysisRunner will not be running.
RoslynAnalysisRunner has terminated.
Mono: successfully reloaded assembly
- Completed reload, in  0.673 seconds
Platform modules already initialized, skipping
Refreshing native plugins compatible for Editor in 0.81 ms, found 0 plugins.
Preloading 0 native plugins for Editor in 0.00 ms.
Unloading 1579 Unused Serialized files (Serialized files now loaded: 0)
System memory in use before: 117.4 MB.
System memory in use after: 117.5 MB.

Unloading 6 unused Assets to reduce memory usage. Loaded Objects now: 2175.
Total: 1.720500 ms (FindLiveObjects: 0.185800 ms CreateObjectMapping: 0.033400 ms MarkObjects: 1.487600 ms  DeleteObjects: 0.012700 ms)

========================================================================
Received Prepare
Registering precompiled user dll's ...
Registered in 0.001185 seconds.
Begin MonoManager ReloadAssembly
Native extension for WindowsStandalone target not found
Refreshing native plugins compatible for Editor in 0.78 ms, found 0 plugins.
Preloading 0 native plugins for Editor in 0.00 ms.
Invoked RoslynAnalysisRunner static constructor.
RoslynAnalysisRunner will not be running.
RoslynAnalysisRunner has terminated.
Mono: successfully reloaded assembly
- Completed reload, in  0.642 seconds
Platform modules already initialized, skipping
Refreshing native plugins compatible for Editor in 0.78 ms, found 0 plugins.
Preloading 0 native plugins for Editor in 0.00 ms.
Unloading 1579 Unused Serialized files (Serialized files now loaded: 0)
System memory in use before: 117.4 MB.
System memory in use after: 117.6 MB.

Unloading 6 unused Assets to reduce memory usage. Loaded Objects now: 2178.
Total: 1.518000 ms (FindLiveObjects: 0.172400 ms CreateObjectMapping: 0.033200 ms MarkObjects: 1.299700 ms  DeleteObjects: 0.011600 ms)

========================================================================
Received Prepare
Registering precompiled user dll's ...
Registered in 0.001418 seconds.
Begin MonoManager ReloadAssembly
Native extension for WindowsStandalone target not found
Refreshing native plugins compatible for Editor in 0.83 ms, found 0 plugins.
Preloading 0 native plugins for Editor in 0.00 ms.
Invoked RoslynAnalysisRunner static constructor.
RoslynAnalysisRunner will not be running.
RoslynAnalysisRunner has terminated.
Mono: successfully reloaded assembly
- Completed reload, in  0.709 seconds
Platform modules already initialized, skipping
Refreshing native plugins compatible for Editor in 0.82 ms, found 0 plugins.
Preloading 0 native plugins for Editor in 0.00 ms.
Unloading 1579 Unused Serialized files (Serialized files now loaded: 0)
System memory in use before: 117.5 MB.
System memory in use after: 117.6 MB.

Unloading 6 unused Assets to reduce memory usage. Loaded Objects now: 2181.
Total: 1.617700 ms (FindLiveObjects: 0.193100 ms CreateObjectMapping: 0.034100 ms MarkObjects: 1.376800 ms  DeleteObjects: 0.012900 ms)

========================================================================
Received Prepare
Registering precompiled user dll's ...
Registered in 0.000851 seconds.
Begin MonoManager ReloadAssembly
Native extension for WindowsStandalone target not found
Refreshing native plugins compatible for Editor in 0.75 ms, found 0 plugins.
Preloading 0 native plugins for Editor in 0.00 ms.
Invoked RoslynAnalysisRunner static constructor.
RoslynAnalysisRunner will not be running.
RoslynAnalysisRunner has terminated.
Mono: successfully reloaded assembly
- Completed reload, in  0.645 seconds
Platform modules already initialized, skipping
Refreshing native plugins compatible for Editor in 0.78 ms, found 0 plugins.
Preloading 0 native plugins for Editor in 0.00 ms.
Unloading 1579 Unused Serialized files (Serialized files now loaded: 0)
System memory in use before: 117.5 MB.
System memory in use after: 117.6 MB.

Unloading 6 unused Assets to reduce memory usage. Loaded Objects now: 2184.
Total: 1.707800 ms (FindLiveObjects: 0.216200 ms CreateObjectMapping: 0.070900 ms MarkObjects: 1.405100 ms  DeleteObjects: 0.014700 ms)

========================================================================
Received Prepare
Registering precompiled user dll's ...
Registered in 0.001407 seconds.
Begin MonoManager ReloadAssembly
Native extension for WindowsStandalone target not found
Refreshing native plugins compatible for Editor in 0.76 ms, found 0 plugins.
Preloading 0 native plugins for Editor in 0.00 ms.
Invoked RoslynAnalysisRunner static constructor.
RoslynAnalysisRunner will not be running.
RoslynAnalysisRunner has terminated.
Mono: successfully reloaded assembly
- Completed reload, in  0.641 seconds
Platform modules already initialized, skipping
Refreshing native plugins compatible for Editor in 0.78 ms, found 0 plugins.
Preloading 0 native plugins for Editor in 0.00 ms.
Unloading 1579 Unused Serialized files (Serialized files now loaded: 0)
System memory in use before: 117.5 MB.
System memory in use after: 117.6 MB.

Unloading 6 unused Assets to reduce memory usage. Loaded Objects now: 2187.
Total: 1.563200 ms (FindLiveObjects: 0.188600 ms CreateObjectMapping: 0.040500 ms MarkObjects: 1.321500 ms  DeleteObjects: 0.011900 ms)

========================================================================
Received Prepare
Registering precompiled user dll's ...
Registered in 0.001266 seconds.
Begin MonoManager ReloadAssembly
Native extension for WindowsStandalone target not found
Refreshing native plugins compatible for Editor in 0.82 ms, found 0 plugins.
Preloading 0 native plugins for Editor in 0.00 ms.
Invoked RoslynAnalysisRunner static constructor.
RoslynAnalysisRunner will not be running.
RoslynAnalysisRunner has terminated.
Mono: successfully reloaded assembly
- Completed reload, in  0.685 seconds
Platform modules already initialized, skipping
Refreshing native plugins compatible for Editor in 0.79 ms, found 0 plugins.
Preloading 0 native plugins for Editor in 0.00 ms.
Unloading 1579 Unused Serialized files (Serialized files now loaded: 0)
System memory in use before: 117.5 MB.
System memory in use after: 117.6 MB.

Unloading 6 unused Assets to reduce memory usage. Loaded Objects now: 2190.
Total: 1.571700 ms (FindLiveObjects: 0.190000 ms CreateObjectMapping: 0.036100 ms MarkObjects: 1.334200 ms  DeleteObjects: 0.010500 ms)

AssetImportWorkerClient::OnTransportError - code=2 error=End of file
