Using pre-set license
Built from '2020.3/staging' branch; Version is '2020.3.0f1 (c7b5465681fb) revision 13088070'; Using compiler version '192528614'; Build Type 'Release'
OS: 'Windows 10 Home; OS build 19042.867; Version 2009; 64bit' Language: 'en' Physical Memory: 32694 MB
BatchMode: 1, IsHumanControllingUs: 0, StartBugReporterOnCrash: 0, Is64bit: 1, IsPro: 0

 COMMAND LINE ARGUMENTS:
C:\Program Files\Unity\Hub\Editor\2020.3.0f1\Editor\Unity.exe
-adb2
-batchMode
-noUpm
-name
AssetImportWorker0
-projectPath
C:/Users/cocru/Documents/GitHub/Fighter/FightKnights/BattleBots
-logFile
Logs/AssetImportWorker0.log
-srvPort
51027
Successfully changed project path to: C:/Users/cocru/Documents/GitHub/Fighter/FightKnights/BattleBots
C:/Users/cocru/Documents/GitHub/Fighter/FightKnights/BattleBots
Using Asset Import Pipeline V2.
Refreshing native plugins compatible for Editor in 71.29 ms, found 0 plugins.
Preloading 0 native plugins for Editor in 0.00 ms.
Initialize engine version: 2020.3.0f1 (c7b5465681fb)
[Subsystems] Discovering subsystems at path C:/Program Files/Unity/Hub/Editor/2020.3.0f1/Editor/Data/Resources/UnitySubsystems
[Subsystems] Discovering subsystems at path C:/Users/cocru/Documents/GitHub/Fighter/FightKnights/BattleBots/Assets
GfxDevice: creating device client; threaded=0
Direct3D:
    Version:  Direct3D 11.0 [level 11.1]
    Renderer: NVIDIA GeForce GTX 1080 (ID=0x1b80)
    Vendor:   
    VRAM:     8079 MB
    Driver:   27.21.14.6172
Initialize mono
Mono path[0] = 'C:/Program Files/Unity/Hub/Editor/2020.3.0f1/Editor/Data/Managed'
Mono path[1] = 'C:/Program Files/Unity/Hub/Editor/2020.3.0f1/Editor/Data/MonoBleedingEdge/lib/mono/unityjit'
Mono config path = 'C:/Program Files/Unity/Hub/Editor/2020.3.0f1/Editor/Data/MonoBleedingEdge/etc'
Using monoOptions --debugger-agent=transport=dt_socket,embedding=1,server=y,suspend=n,address=127.0.0.1:56312
Begin MonoManager ReloadAssembly
Registering precompiled unity dll's ...
Register platform support module: C:/Program Files/Unity/Hub/Editor/2020.3.0f1/Editor/Data/PlaybackEngines/WindowsStandaloneSupport/UnityEditor.WindowsStandalone.Extensions.dll
Registered in 0.001555 seconds.
Native extension for WindowsStandalone target not found
Refreshing native plugins compatible for Editor in 76.28 ms, found 0 plugins.
Preloading 0 native plugins for Editor in 0.00 ms.
Invoked RoslynAnalysisRunner static constructor.
RoslynAnalysisRunner will not be running.
RoslynAnalysisRunner has terminated.
Mono: successfully reloaded assembly
- Completed reload, in  1.115 seconds
Platform modules already initialized, skipping
Registering precompiled user dll's ...
Registered in 0.001234 seconds.
Begin MonoManager ReloadAssembly
Native extension for WindowsStandalone target not found
Refreshing native plugins compatible for Editor in 74.51 ms, found 0 plugins.
Preloading 0 native plugins for Editor in 0.00 ms.
Invoked RoslynAnalysisRunner static constructor.
RoslynAnalysisRunner will not be running.
RoslynAnalysisRunner has terminated.
Mono: successfully reloaded assembly
- Completed reload, in  0.777 seconds
Platform modules already initialized, skipping
========================================================================
Worker process is ready to serve import requests
Launched and connected shader compiler UnityShaderCompiler.exe after 0.05 seconds
Refreshing native plugins compatible for Editor in 0.77 ms, found 0 plugins.
Preloading 0 native plugins for Editor in 0.00 ms.
Unloading 1608 Unused Serialized files (Serialized files now loaded: 0)
System memory in use before: 88.0 MB.
System memory in use after: 88.1 MB.

Unloading 12 unused Assets to reduce memory usage. Loaded Objects now: 2061.
Total: 1.845200 ms (FindLiveObjects: 0.172600 ms CreateObjectMapping: 0.038800 ms MarkObjects: 1.531500 ms  DeleteObjects: 0.101200 ms)

========================================================================
Received Import Request.
  path: Assets/Prefabs/HammerPlayer/Flying.fbx
  artifactKey: Guid(e7ce003fe8a01a2458aa412f4ef53426) Importer(815301076,1909f56bfc062723c751e8b465ee728b)
Start importing Assets/Prefabs/HammerPlayer/Flying.fbx using Guid(e7ce003fe8a01a2458aa412f4ef53426) Importer(815301076,1909f56bfc062723c751e8b465ee728b)  -> (artifact id: '3027a65b310dab011a7c7e902a2fba2b') in 0.120785 seconds
  Import took 0.123794 seconds .

========================================================================
Received Import Request.
  Time since last request: 0.000142 seconds.
  path: Assets/Prefabs/HammerPlayer/HammerPlayer.prefab
  artifactKey: Guid(b301cbc5d2e56ec448cb8ec39feef5fb) Importer(815301076,1909f56bfc062723c751e8b465ee728b)
Start importing Assets/Prefabs/HammerPlayer/HammerPlayer.prefab using Guid(b301cbc5d2e56ec448cb8ec39feef5fb) Importer(815301076,1909f56bfc062723c751e8b465ee728b) Asset 'HammerAnimationController': Transition 'LeftHit -> HammerThrow' in state 'LeftHit' doesn't have an Exit Time or any condition, transition will be ignored
UnityEngine.StackTraceUtility:ExtractStackTrace ()
UnityEditor.EditorUtility:Internal_InstantiateRemoveAllNonAnimationComponentsSingle (UnityEngine.Object,UnityEngine.Vector3,UnityEngine.Quaternion)
UnityEditor.EditorUtility:InstantiateRemoveAllNonAnimationComponents (UnityEngine.Object,UnityEngine.Vector3,UnityEngine.Quaternion)
UnityEditor.EditorUtility:InstantiateForAnimatorPreview (UnityEngine.Object)
UnityEditor.GameObjectInspector/PreviewData:UpdateGameObject (UnityEngine.Object)
UnityEditor.GameObjectInspector/PreviewData:.ctor (UnityEngine.Object)
UnityEditor.GameObjectInspector:GetPreviewData ()
UnityEditor.GameObjectInspector:RenderStaticPreview (string,UnityEngine.Object[],int,int)
UnityEditor.AssetPreviewUpdater:CreatePreviewForAsset (UnityEngine.Object,UnityEngine.Object[],string)

[C:\buildslave\unity\build\Editor/Src/Animation/StateMachine.cpp line 1847]

 -> (artifact id: '3579414cce0d3541fb5c7f306d40e754') in 0.321370 seconds
  Import took 0.339254 seconds .

========================================================================
Received Import Request.
  Time since last request: 12.831366 seconds.
  path: Assets/Prefabs/HammerPlayer/Flying.fbx
  artifactKey: Guid(e7ce003fe8a01a2458aa412f4ef53426) Importer(815301076,1909f56bfc062723c751e8b465ee728b)
Start importing Assets/Prefabs/HammerPlayer/Flying.fbx using Guid(e7ce003fe8a01a2458aa412f4ef53426) Importer(815301076,1909f56bfc062723c751e8b465ee728b)  -> (artifact id: '42c2612c0ee2d1b10e741868c40c2720') in 0.038153 seconds
  Import took 0.041158 seconds .

========================================================================
Received Import Request.
  Time since last request: 51.935596 seconds.
  path: Assets/Prefabs/HammerPlayer/Flying.fbx
  artifactKey: Guid(e7ce003fe8a01a2458aa412f4ef53426) Importer(815301076,1909f56bfc062723c751e8b465ee728b)
Start importing Assets/Prefabs/HammerPlayer/Flying.fbx using Guid(e7ce003fe8a01a2458aa412f4ef53426) Importer(815301076,1909f56bfc062723c751e8b465ee728b)  -> (artifact id: 'ed5307b941bbfd44ec27f77d3a097255') in 0.020983 seconds
  Import took 0.023819 seconds .

========================================================================
Received Import Request.
  Time since last request: 26.320239 seconds.
  path: Assets/Prefabs/HammerPlayer/Flying.fbx
  artifactKey: Guid(e7ce003fe8a01a2458aa412f4ef53426) Importer(815301076,1909f56bfc062723c751e8b465ee728b)
Start importing Assets/Prefabs/HammerPlayer/Flying.fbx using Guid(e7ce003fe8a01a2458aa412f4ef53426) Importer(815301076,1909f56bfc062723c751e8b465ee728b)  -> (artifact id: 'e53b821c77e7ff2b20b54a2f47e7e8a5') in 0.042630 seconds
  Import took 0.045510 seconds .

========================================================================
Received Import Request.
  Time since last request: 11.095271 seconds.
  path: Assets/Prefabs/HammerPlayer/HammerAnimations/HammerAnimationController.controller
  artifactKey: Guid(b7777a1228b5c1848b44870e73970429) Importer(815301076,1909f56bfc062723c751e8b465ee728b)
Start importing Assets/Prefabs/HammerPlayer/HammerAnimations/HammerAnimationController.controller using Guid(b7777a1228b5c1848b44870e73970429) Importer(815301076,1909f56bfc062723c751e8b465ee728b)  -> (artifact id: '1a02aebcc16b54c198a92c146795c0e3') in 0.011700 seconds
  Import took 0.014529 seconds .

========================================================================
Received Prepare
Registering precompiled user dll's ...
Registered in 0.001993 seconds.
Begin MonoManager ReloadAssembly
Native extension for WindowsStandalone target not found
Refreshing native plugins compatible for Editor in 0.75 ms, found 0 plugins.
Preloading 0 native plugins for Editor in 0.00 ms.
Invoked RoslynAnalysisRunner static constructor.
RoslynAnalysisRunner will not be running.
RoslynAnalysisRunner has terminated.
Mono: successfully reloaded assembly
- Completed reload, in  0.637 seconds
Platform modules already initialized, skipping
Refreshing native plugins compatible for Editor in 0.78 ms, found 0 plugins.
Preloading 0 native plugins for Editor in 0.00 ms.
Unloading 1585 Unused Serialized files (Serialized files now loaded: 0)
System memory in use before: 105.9 MB.
System memory in use after: 106.0 MB.

Unloading 5 unused Assets to reduce memory usage. Loaded Objects now: 2110.
Total: 1.460200 ms (FindLiveObjects: 0.165700 ms CreateObjectMapping: 0.032800 ms MarkObjects: 1.250300 ms  DeleteObjects: 0.010400 ms)

========================================================================
Received Prepare
Registering precompiled user dll's ...
Registered in 0.001090 seconds.
Begin MonoManager ReloadAssembly
Native extension for WindowsStandalone target not found
Refreshing native plugins compatible for Editor in 0.76 ms, found 0 plugins.
Preloading 0 native plugins for Editor in 0.00 ms.
Invoked RoslynAnalysisRunner static constructor.
RoslynAnalysisRunner will not be running.
RoslynAnalysisRunner has terminated.
Mono: successfully reloaded assembly
- Completed reload, in  0.631 seconds
Platform modules already initialized, skipping
Refreshing native plugins compatible for Editor in 0.80 ms, found 0 plugins.
Preloading 0 native plugins for Editor in 0.00 ms.
Unloading 1585 Unused Serialized files (Serialized files now loaded: 0)
System memory in use before: 106.0 MB.
System memory in use after: 106.1 MB.

Unloading 5 unused Assets to reduce memory usage. Loaded Objects now: 2113.
Total: 1.492500 ms (FindLiveObjects: 0.186600 ms CreateObjectMapping: 0.036100 ms MarkObjects: 1.256800 ms  DeleteObjects: 0.011600 ms)

========================================================================
Received Prepare
Registering precompiled user dll's ...
Registered in 0.000975 seconds.
Begin MonoManager ReloadAssembly
Native extension for WindowsStandalone target not found
Refreshing native plugins compatible for Editor in 0.77 ms, found 0 plugins.
Preloading 0 native plugins for Editor in 0.00 ms.
Invoked RoslynAnalysisRunner static constructor.
RoslynAnalysisRunner will not be running.
RoslynAnalysisRunner has terminated.
Mono: successfully reloaded assembly
- Completed reload, in  0.614 seconds
Platform modules already initialized, skipping
Refreshing native plugins compatible for Editor in 0.79 ms, found 0 plugins.
Preloading 0 native plugins for Editor in 0.00 ms.
Unloading 1585 Unused Serialized files (Serialized files now loaded: 0)
System memory in use before: 106.0 MB.
System memory in use after: 106.1 MB.

Unloading 5 unused Assets to reduce memory usage. Loaded Objects now: 2116.
Total: 1.702100 ms (FindLiveObjects: 0.160700 ms CreateObjectMapping: 0.033300 ms MarkObjects: 1.494300 ms  DeleteObjects: 0.012700 ms)

========================================================================
Received Import Request.
  Time since last request: 292.117533 seconds.
  path: Assets/Prefabs/HammerPlayer/HammerAnimations/HammerAnimationController.controller
  artifactKey: Guid(b7777a1228b5c1848b44870e73970429) Importer(815301076,1909f56bfc062723c751e8b465ee728b)
Start importing Assets/Prefabs/HammerPlayer/HammerAnimations/HammerAnimationController.controller using Guid(b7777a1228b5c1848b44870e73970429) Importer(815301076,1909f56bfc062723c751e8b465ee728b)  -> (artifact id: '80aeb33c5a1d1c660fb90c54a2b9c772') in 0.018499 seconds
  Import took 0.021588 seconds .

========================================================================
Received Prepare
Registering precompiled user dll's ...
Registered in 0.000945 seconds.
Begin MonoManager ReloadAssembly
Native extension for WindowsStandalone target not found
Refreshing native plugins compatible for Editor in 0.86 ms, found 0 plugins.
Preloading 0 native plugins for Editor in 0.00 ms.
Invoked RoslynAnalysisRunner static constructor.
RoslynAnalysisRunner will not be running.
RoslynAnalysisRunner has terminated.
Mono: successfully reloaded assembly
- Completed reload, in  0.630 seconds
Platform modules already initialized, skipping
Refreshing native plugins compatible for Editor in 0.77 ms, found 0 plugins.
Preloading 0 native plugins for Editor in 0.00 ms.
Unloading 1585 Unused Serialized files (Serialized files now loaded: 0)
System memory in use before: 106.0 MB.
System memory in use after: 106.1 MB.

Unloading 5 unused Assets to reduce memory usage. Loaded Objects now: 2119.
Total: 1.603400 ms (FindLiveObjects: 0.165100 ms CreateObjectMapping: 0.037000 ms MarkObjects: 1.389900 ms  DeleteObjects: 0.010500 ms)

========================================================================
Received Prepare
Registering precompiled user dll's ...
Registered in 0.000984 seconds.
Begin MonoManager ReloadAssembly
Native extension for WindowsStandalone target not found
Refreshing native plugins compatible for Editor in 0.79 ms, found 0 plugins.
Preloading 0 native plugins for Editor in 0.00 ms.
Invoked RoslynAnalysisRunner static constructor.
RoslynAnalysisRunner will not be running.
RoslynAnalysisRunner has terminated.
Mono: successfully reloaded assembly
- Completed reload, in  0.634 seconds
Platform modules already initialized, skipping
Refreshing native plugins compatible for Editor in 0.77 ms, found 0 plugins.
Preloading 0 native plugins for Editor in 0.00 ms.
Unloading 1585 Unused Serialized files (Serialized files now loaded: 0)
System memory in use before: 106.0 MB.
System memory in use after: 106.1 MB.

Unloading 5 unused Assets to reduce memory usage. Loaded Objects now: 2122.
Total: 1.519900 ms (FindLiveObjects: 0.179300 ms CreateObjectMapping: 0.037200 ms MarkObjects: 1.292100 ms  DeleteObjects: 0.010200 ms)

========================================================================
Received Prepare
Registering precompiled user dll's ...
Registered in 0.000974 seconds.
Begin MonoManager ReloadAssembly
Native extension for WindowsStandalone target not found
Refreshing native plugins compatible for Editor in 0.77 ms, found 0 plugins.
Preloading 0 native plugins for Editor in 0.00 ms.
Invoked RoslynAnalysisRunner static constructor.
RoslynAnalysisRunner will not be running.
RoslynAnalysisRunner has terminated.
Mono: successfully reloaded assembly
- Completed reload, in  0.631 seconds
Platform modules already initialized, skipping
Refreshing native plugins compatible for Editor in 0.76 ms, found 0 plugins.
Preloading 0 native plugins for Editor in 0.00 ms.
Unloading 1585 Unused Serialized files (Serialized files now loaded: 0)
System memory in use before: 106.0 MB.
System memory in use after: 106.1 MB.

Unloading 5 unused Assets to reduce memory usage. Loaded Objects now: 2125.
Total: 1.729000 ms (FindLiveObjects: 0.172300 ms CreateObjectMapping: 0.035000 ms MarkObjects: 1.507900 ms  DeleteObjects: 0.012700 ms)

========================================================================
Received Import Request.
  Time since last request: 155.094164 seconds.
  path: Assets/Prefabs/HammerPlayer/Flying.fbx
  artifactKey: Guid(e7ce003fe8a01a2458aa412f4ef53426) Importer(815301076,1909f56bfc062723c751e8b465ee728b)
Start importing Assets/Prefabs/HammerPlayer/Flying.fbx using Guid(e7ce003fe8a01a2458aa412f4ef53426) Importer(815301076,1909f56bfc062723c751e8b465ee728b)  -> (artifact id: '8278fdbad76336f7c872c66ee11e952f') in 0.085017 seconds
  Import took 0.088275 seconds .

========================================================================
Received Prepare
Registering precompiled user dll's ...
Registered in 0.000844 seconds.
Begin MonoManager ReloadAssembly
Native extension for WindowsStandalone target not found
Refreshing native plugins compatible for Editor in 0.78 ms, found 0 plugins.
Preloading 0 native plugins for Editor in 0.00 ms.
Invoked RoslynAnalysisRunner static constructor.
RoslynAnalysisRunner will not be running.
RoslynAnalysisRunner has terminated.
Mono: successfully reloaded assembly
- Completed reload, in  0.617 seconds
Platform modules already initialized, skipping
Refreshing native plugins compatible for Editor in 0.77 ms, found 0 plugins.
Preloading 0 native plugins for Editor in 0.00 ms.
Unloading 1585 Unused Serialized files (Serialized files now loaded: 0)
System memory in use before: 106.0 MB.
System memory in use after: 106.1 MB.

Unloading 5 unused Assets to reduce memory usage. Loaded Objects now: 2129.
Total: 1.833700 ms (FindLiveObjects: 0.179300 ms CreateObjectMapping: 0.038400 ms MarkObjects: 1.602100 ms  DeleteObjects: 0.012700 ms)

========================================================================
Received Import Request.
  Time since last request: 28.021901 seconds.
  path: Assets/Prefabs/HammerPlayer/Flying.fbx
  artifactKey: Guid(e7ce003fe8a01a2458aa412f4ef53426) Importer(815301076,1909f56bfc062723c751e8b465ee728b)
Start importing Assets/Prefabs/HammerPlayer/Flying.fbx using Guid(e7ce003fe8a01a2458aa412f4ef53426) Importer(815301076,1909f56bfc062723c751e8b465ee728b)  -> (artifact id: 'f316083e99b7067a13f3c94537cac304') in 0.079373 seconds
  Import took 0.082513 seconds .

========================================================================
Received Prepare
Registering precompiled user dll's ...
Registered in 0.001182 seconds.
Begin MonoManager ReloadAssembly
Native extension for WindowsStandalone target not found
Refreshing native plugins compatible for Editor in 0.74 ms, found 0 plugins.
Preloading 0 native plugins for Editor in 0.00 ms.
Invoked RoslynAnalysisRunner static constructor.
RoslynAnalysisRunner will not be running.
RoslynAnalysisRunner has terminated.
Mono: successfully reloaded assembly
- Completed reload, in  0.621 seconds
Platform modules already initialized, skipping
Refreshing native plugins compatible for Editor in 0.77 ms, found 0 plugins.
Preloading 0 native plugins for Editor in 0.00 ms.
Unloading 1585 Unused Serialized files (Serialized files now loaded: 0)
System memory in use before: 106.0 MB.
System memory in use after: 106.1 MB.

Unloading 5 unused Assets to reduce memory usage. Loaded Objects now: 2133.
Total: 1.478800 ms (FindLiveObjects: 0.148100 ms CreateObjectMapping: 0.031900 ms MarkObjects: 1.287700 ms  DeleteObjects: 0.010400 ms)

========================================================================
Received Import Request.
  Time since last request: 49.230661 seconds.
  path: Assets/Prefabs/HammerPlayer/Flying.fbx
  artifactKey: Guid(e7ce003fe8a01a2458aa412f4ef53426) Importer(815301076,1909f56bfc062723c751e8b465ee728b)
Start importing Assets/Prefabs/HammerPlayer/Flying.fbx using Guid(e7ce003fe8a01a2458aa412f4ef53426) Importer(815301076,1909f56bfc062723c751e8b465ee728b)  -> (artifact id: '52aa18913ddeef9a3d3b35f1b1880bd2') in 0.081143 seconds
  Import took 0.084086 seconds .

========================================================================
Received Import Request.
  Time since last request: 11.471695 seconds.
  path: Assets/Prefabs/HammerPlayer/Flying.fbx
  artifactKey: Guid(e7ce003fe8a01a2458aa412f4ef53426) Importer(815301076,1909f56bfc062723c751e8b465ee728b)
Start importing Assets/Prefabs/HammerPlayer/Flying.fbx using Guid(e7ce003fe8a01a2458aa412f4ef53426) Importer(815301076,1909f56bfc062723c751e8b465ee728b)  -> (artifact id: '9b587cf4a7255bc9d44a8aff160abe75') in 0.033862 seconds
  Import took 0.036652 seconds .

========================================================================
Received Prepare
Registering precompiled user dll's ...
Registered in 0.000956 seconds.
Begin MonoManager ReloadAssembly
Native extension for WindowsStandalone target not found
Refreshing native plugins compatible for Editor in 0.75 ms, found 0 plugins.
Preloading 0 native plugins for Editor in 0.00 ms.
Invoked RoslynAnalysisRunner static constructor.
RoslynAnalysisRunner will not be running.
RoslynAnalysisRunner has terminated.
Mono: successfully reloaded assembly
- Completed reload, in  0.628 seconds
Platform modules already initialized, skipping
Refreshing native plugins compatible for Editor in 0.75 ms, found 0 plugins.
Preloading 0 native plugins for Editor in 0.00 ms.
Unloading 1585 Unused Serialized files (Serialized files now loaded: 0)
System memory in use before: 106.1 MB.
System memory in use after: 106.2 MB.

Unloading 5 unused Assets to reduce memory usage. Loaded Objects now: 2137.
Total: 1.523100 ms (FindLiveObjects: 0.144800 ms CreateObjectMapping: 0.037700 ms MarkObjects: 1.328500 ms  DeleteObjects: 0.011200 ms)

========================================================================
Received Import Request.
  Time since last request: 23.414152 seconds.
  path: Assets/Prefabs/HammerPlayer/Flying.fbx
  artifactKey: Guid(e7ce003fe8a01a2458aa412f4ef53426) Importer(815301076,1909f56bfc062723c751e8b465ee728b)
Start importing Assets/Prefabs/HammerPlayer/Flying.fbx using Guid(e7ce003fe8a01a2458aa412f4ef53426) Importer(815301076,1909f56bfc062723c751e8b465ee728b)  -> (artifact id: 'd397abddca4772e65491884b5ace98ca') in 0.077645 seconds
  Import took 0.080643 seconds .

========================================================================
Received Prepare
Registering precompiled user dll's ...
Registered in 0.001076 seconds.
Begin MonoManager ReloadAssembly
Native extension for WindowsStandalone target not found
Refreshing native plugins compatible for Editor in 0.85 ms, found 0 plugins.
Preloading 0 native plugins for Editor in 0.00 ms.
Invoked RoslynAnalysisRunner static constructor.
RoslynAnalysisRunner will not be running.
RoslynAnalysisRunner has terminated.
Mono: successfully reloaded assembly
- Completed reload, in  0.637 seconds
Platform modules already initialized, skipping
Refreshing native plugins compatible for Editor in 0.78 ms, found 0 plugins.
Preloading 0 native plugins for Editor in 0.00 ms.
Unloading 1585 Unused Serialized files (Serialized files now loaded: 0)
System memory in use before: 106.1 MB.
System memory in use after: 106.2 MB.

Unloading 5 unused Assets to reduce memory usage. Loaded Objects now: 2141.
Total: 1.647700 ms (FindLiveObjects: 0.177500 ms CreateObjectMapping: 0.045700 ms MarkObjects: 1.411600 ms  DeleteObjects: 0.012000 ms)

========================================================================
Received Prepare
Registering precompiled user dll's ...
Registered in 0.001011 seconds.
Begin MonoManager ReloadAssembly
Native extension for WindowsStandalone target not found
Refreshing native plugins compatible for Editor in 0.82 ms, found 0 plugins.
Preloading 0 native plugins for Editor in 0.00 ms.
Invoked RoslynAnalysisRunner static constructor.
RoslynAnalysisRunner will not be running.
RoslynAnalysisRunner has terminated.
Mono: successfully reloaded assembly
- Completed reload, in  0.623 seconds
Platform modules already initialized, skipping
Refreshing native plugins compatible for Editor in 0.87 ms, found 0 plugins.
Preloading 0 native plugins for Editor in 0.00 ms.
Unloading 1585 Unused Serialized files (Serialized files now loaded: 0)
System memory in use before: 106.1 MB.
System memory in use after: 106.2 MB.

Unloading 5 unused Assets to reduce memory usage. Loaded Objects now: 2144.
Total: 1.792700 ms (FindLiveObjects: 0.159200 ms CreateObjectMapping: 0.037200 ms MarkObjects: 1.581700 ms  DeleteObjects: 0.013800 ms)

========================================================================
Received Prepare
Registering precompiled user dll's ...
Registered in 0.001113 seconds.
Begin MonoManager ReloadAssembly
Native extension for WindowsStandalone target not found
Refreshing native plugins compatible for Editor in 0.77 ms, found 0 plugins.
Preloading 0 native plugins for Editor in 0.00 ms.
Invoked RoslynAnalysisRunner static constructor.
RoslynAnalysisRunner will not be running.
RoslynAnalysisRunner has terminated.
Mono: successfully reloaded assembly
- Completed reload, in  0.641 seconds
Platform modules already initialized, skipping
Refreshing native plugins compatible for Editor in 0.77 ms, found 0 plugins.
Preloading 0 native plugins for Editor in 0.00 ms.
Unloading 1585 Unused Serialized files (Serialized files now loaded: 0)
System memory in use before: 106.1 MB.
System memory in use after: 106.2 MB.

Unloading 5 unused Assets to reduce memory usage. Loaded Objects now: 2147.
Total: 1.509700 ms (FindLiveObjects: 0.148700 ms CreateObjectMapping: 0.037300 ms MarkObjects: 1.313400 ms  DeleteObjects: 0.009400 ms)

========================================================================
Received Prepare
Registering precompiled user dll's ...
Registered in 0.001071 seconds.
Begin MonoManager ReloadAssembly
Native extension for WindowsStandalone target not found
Refreshing native plugins compatible for Editor in 0.85 ms, found 0 plugins.
Preloading 0 native plugins for Editor in 0.00 ms.
Invoked RoslynAnalysisRunner static constructor.
RoslynAnalysisRunner will not be running.
RoslynAnalysisRunner has terminated.
Mono: successfully reloaded assembly
- Completed reload, in  0.614 seconds
Platform modules already initialized, skipping
Refreshing native plugins compatible for Editor in 0.79 ms, found 0 plugins.
Preloading 0 native plugins for Editor in 0.00 ms.
Unloading 1585 Unused Serialized files (Serialized files now loaded: 0)
System memory in use before: 106.1 MB.
System memory in use after: 106.2 MB.

Unloading 5 unused Assets to reduce memory usage. Loaded Objects now: 2150.
Total: 1.474100 ms (FindLiveObjects: 0.138800 ms CreateObjectMapping: 0.033800 ms MarkObjects: 1.290500 ms  DeleteObjects: 0.010100 ms)

========================================================================
Received Prepare
Registering precompiled user dll's ...
Registered in 0.001574 seconds.
Begin MonoManager ReloadAssembly
Native extension for WindowsStandalone target not found
Refreshing native plugins compatible for Editor in 0.77 ms, found 0 plugins.
Preloading 0 native plugins for Editor in 0.00 ms.
Invoked RoslynAnalysisRunner static constructor.
RoslynAnalysisRunner will not be running.
RoslynAnalysisRunner has terminated.
Mono: successfully reloaded assembly
- Completed reload, in  0.625 seconds
Platform modules already initialized, skipping
Refreshing native plugins compatible for Editor in 0.76 ms, found 0 plugins.
Preloading 0 native plugins for Editor in 0.00 ms.
Unloading 1585 Unused Serialized files (Serialized files now loaded: 0)
System memory in use before: 106.1 MB.
System memory in use after: 106.2 MB.

Unloading 5 unused Assets to reduce memory usage. Loaded Objects now: 2153.
Total: 1.505200 ms (FindLiveObjects: 0.137000 ms CreateObjectMapping: 0.031900 ms MarkObjects: 1.325400 ms  DeleteObjects: 0.010000 ms)

========================================================================
Received Prepare
Registering precompiled user dll's ...
Registered in 0.001145 seconds.
Begin MonoManager ReloadAssembly
Native extension for WindowsStandalone target not found
Refreshing native plugins compatible for Editor in 0.87 ms, found 0 plugins.
Preloading 0 native plugins for Editor in 0.00 ms.
Invoked RoslynAnalysisRunner static constructor.
RoslynAnalysisRunner will not be running.
RoslynAnalysisRunner has terminated.
Mono: successfully reloaded assembly
- Completed reload, in  0.613 seconds
Platform modules already initialized, skipping
Refreshing native plugins compatible for Editor in 0.76 ms, found 0 plugins.
Preloading 0 native plugins for Editor in 0.00 ms.
Unloading 1585 Unused Serialized files (Serialized files now loaded: 0)
System memory in use before: 106.1 MB.
System memory in use after: 106.2 MB.

Unloading 5 unused Assets to reduce memory usage. Loaded Objects now: 2156.
Total: 1.703600 ms (FindLiveObjects: 0.206100 ms CreateObjectMapping: 0.044200 ms MarkObjects: 1.439500 ms  DeleteObjects: 0.013100 ms)

========================================================================
Received Import Request.
  Time since last request: 326.502872 seconds.
  path: Assets/Prefabs/HammerPlayer/HammerAnimations
  artifactKey: Guid(d1e5d61c8670b8d4ba85b98fd233a2a8) Importer(815301076,1909f56bfc062723c751e8b465ee728b)
Start importing Assets/Prefabs/HammerPlayer/HammerAnimations using Guid(d1e5d61c8670b8d4ba85b98fd233a2a8) Importer(815301076,1909f56bfc062723c751e8b465ee728b)  -> (artifact id: '98e5e774c2801a80cdb3cf64e08ae903') in 0.007559 seconds
  Import took 0.010409 seconds .

========================================================================
Received Prepare
Registering precompiled user dll's ...
Registered in 0.001573 seconds.
Begin MonoManager ReloadAssembly
Native extension for WindowsStandalone target not found
Refreshing native plugins compatible for Editor in 0.76 ms, found 0 plugins.
Preloading 0 native plugins for Editor in 0.00 ms.
Invoked RoslynAnalysisRunner static constructor.
RoslynAnalysisRunner will not be running.
RoslynAnalysisRunner has terminated.
Mono: successfully reloaded assembly
- Completed reload, in  0.618 seconds
Platform modules already initialized, skipping
Refreshing native plugins compatible for Editor in 0.84 ms, found 0 plugins.
Preloading 0 native plugins for Editor in 0.00 ms.
Unloading 1585 Unused Serialized files (Serialized files now loaded: 0)
System memory in use before: 106.1 MB.
System memory in use after: 106.2 MB.

Unloading 5 unused Assets to reduce memory usage. Loaded Objects now: 2159.
Total: 1.528300 ms (FindLiveObjects: 0.155200 ms CreateObjectMapping: 0.038700 ms MarkObjects: 1.322900 ms  DeleteObjects: 0.010700 ms)

========================================================================
Received Prepare
Registering precompiled user dll's ...
Registered in 0.001246 seconds.
Begin MonoManager ReloadAssembly
Native extension for WindowsStandalone target not found
Refreshing native plugins compatible for Editor in 0.84 ms, found 0 plugins.
Preloading 0 native plugins for Editor in 0.00 ms.
Invoked RoslynAnalysisRunner static constructor.
RoslynAnalysisRunner will not be running.
RoslynAnalysisRunner has terminated.
Mono: successfully reloaded assembly
- Completed reload, in  0.676 seconds
Platform modules already initialized, skipping
Refreshing native plugins compatible for Editor in 0.87 ms, found 0 plugins.
Preloading 0 native plugins for Editor in 0.00 ms.
Unloading 1585 Unused Serialized files (Serialized files now loaded: 0)
System memory in use before: 106.1 MB.
System memory in use after: 106.2 MB.

Unloading 5 unused Assets to reduce memory usage. Loaded Objects now: 2162.
Total: 1.876300 ms (FindLiveObjects: 0.216400 ms CreateObjectMapping: 0.039600 ms MarkObjects: 1.602700 ms  DeleteObjects: 0.016400 ms)

========================================================================
Received Prepare
Registering precompiled user dll's ...
Registered in 0.001195 seconds.
Begin MonoManager ReloadAssembly
Native extension for WindowsStandalone target not found
Refreshing native plugins compatible for Editor in 0.75 ms, found 0 plugins.
Preloading 0 native plugins for Editor in 0.00 ms.
Invoked RoslynAnalysisRunner static constructor.
RoslynAnalysisRunner will not be running.
RoslynAnalysisRunner has terminated.
Mono: successfully reloaded assembly
- Completed reload, in  0.647 seconds
Platform modules already initialized, skipping
Refreshing native plugins compatible for Editor in 0.78 ms, found 0 plugins.
Preloading 0 native plugins for Editor in 0.00 ms.
Unloading 1585 Unused Serialized files (Serialized files now loaded: 0)
System memory in use before: 106.1 MB.
System memory in use after: 106.2 MB.

Unloading 5 unused Assets to reduce memory usage. Loaded Objects now: 2165.
Total: 1.534200 ms (FindLiveObjects: 0.177200 ms CreateObjectMapping: 0.036900 ms MarkObjects: 1.307700 ms  DeleteObjects: 0.010700 ms)

========================================================================
Received Prepare
Registering precompiled user dll's ...
Registered in 0.001122 seconds.
Begin MonoManager ReloadAssembly
Native extension for WindowsStandalone target not found
Refreshing native plugins compatible for Editor in 0.77 ms, found 0 plugins.
Preloading 0 native plugins for Editor in 0.00 ms.
Invoked RoslynAnalysisRunner static constructor.
RoslynAnalysisRunner will not be running.
RoslynAnalysisRunner has terminated.
Mono: successfully reloaded assembly
- Completed reload, in  0.670 seconds
Platform modules already initialized, skipping
Refreshing native plugins compatible for Editor in 0.77 ms, found 0 plugins.
Preloading 0 native plugins for Editor in 0.00 ms.
Unloading 1585 Unused Serialized files (Serialized files now loaded: 0)
System memory in use before: 106.1 MB.
System memory in use after: 106.2 MB.

Unloading 5 unused Assets to reduce memory usage. Loaded Objects now: 2168.
Total: 1.551500 ms (FindLiveObjects: 0.188400 ms CreateObjectMapping: 0.039000 ms MarkObjects: 1.311900 ms  DeleteObjects: 0.011600 ms)

========================================================================
Received Prepare
Registering precompiled user dll's ...
Registered in 0.001434 seconds.
Begin MonoManager ReloadAssembly
Native extension for WindowsStandalone target not found
Refreshing native plugins compatible for Editor in 1.02 ms, found 0 plugins.
Preloading 0 native plugins for Editor in 0.00 ms.
Invoked RoslynAnalysisRunner static constructor.
RoslynAnalysisRunner will not be running.
RoslynAnalysisRunner has terminated.
Mono: successfully reloaded assembly
- Completed reload, in  0.664 seconds
Platform modules already initialized, skipping
Refreshing native plugins compatible for Editor in 0.78 ms, found 0 plugins.
Preloading 0 native plugins for Editor in 0.00 ms.
Unloading 1585 Unused Serialized files (Serialized files now loaded: 0)
System memory in use before: 106.1 MB.
System memory in use after: 106.2 MB.

Unloading 5 unused Assets to reduce memory usage. Loaded Objects now: 2171.
Total: 1.545300 ms (FindLiveObjects: 0.187200 ms CreateObjectMapping: 0.033300 ms MarkObjects: 1.312600 ms  DeleteObjects: 0.011400 ms)

========================================================================
Received Prepare
Registering precompiled user dll's ...
Registered in 0.001118 seconds.
Begin MonoManager ReloadAssembly
Native extension for WindowsStandalone target not found
Refreshing native plugins compatible for Editor in 0.86 ms, found 0 plugins.
Preloading 0 native plugins for Editor in 0.00 ms.
Invoked RoslynAnalysisRunner static constructor.
RoslynAnalysisRunner will not be running.
RoslynAnalysisRunner has terminated.
Mono: successfully reloaded assembly
- Completed reload, in  0.653 seconds
Platform modules already initialized, skipping
Refreshing native plugins compatible for Editor in 0.76 ms, found 0 plugins.
Preloading 0 native plugins for Editor in 0.00 ms.
Unloading 1585 Unused Serialized files (Serialized files now loaded: 0)
System memory in use before: 106.1 MB.
System memory in use after: 106.2 MB.

Unloading 5 unused Assets to reduce memory usage. Loaded Objects now: 2174.
Total: 1.880900 ms (FindLiveObjects: 0.179300 ms CreateObjectMapping: 0.032900 ms MarkObjects: 1.653100 ms  DeleteObjects: 0.014600 ms)

========================================================================
Received Import Request.
  Time since last request: 987.578349 seconds.
  path: Assets/Prefabs/HammerPlayer/HammerAnimations/Standing Block Idle.fbx
  artifactKey: Guid(3e3a5f953cfae4642b9a998da634cbf6) Importer(815301076,1909f56bfc062723c751e8b465ee728b)
Start importing Assets/Prefabs/HammerPlayer/HammerAnimations/Standing Block Idle.fbx using Guid(3e3a5f953cfae4642b9a998da634cbf6) Importer(815301076,1909f56bfc062723c751e8b465ee728b)  -> (artifact id: 'ec9b6fceb4c0ee6191aaf1f91ea26bf0') in 0.081117 seconds
  Import took 0.084254 seconds .

========================================================================
Received Import Request.
  Time since last request: 12.631578 seconds.
  path: Assets/Prefabs/HammerPlayer/HammerAnimations/Standing Block Idle.fbx
  artifactKey: Guid(3e3a5f953cfae4642b9a998da634cbf6) Importer(815301076,1909f56bfc062723c751e8b465ee728b)
Start importing Assets/Prefabs/HammerPlayer/HammerAnimations/Standing Block Idle.fbx using Guid(3e3a5f953cfae4642b9a998da634cbf6) Importer(815301076,1909f56bfc062723c751e8b465ee728b)  -> (artifact id: '36c6008ff99e501d6ee14823b57902dd') in 0.024902 seconds
  Import took 0.027984 seconds .

========================================================================
Received Import Request.
  Time since last request: 51.587240 seconds.
  path: Assets/Prefabs/HammerPlayer/HammerAnimations/Standing Block Idle.fbx
  artifactKey: Guid(3e3a5f953cfae4642b9a998da634cbf6) Importer(815301076,1909f56bfc062723c751e8b465ee728b)
Start importing Assets/Prefabs/HammerPlayer/HammerAnimations/Standing Block Idle.fbx using Guid(3e3a5f953cfae4642b9a998da634cbf6) Importer(815301076,1909f56bfc062723c751e8b465ee728b)  -> (artifact id: '1eb66267204a1006811e0ad56b296c63') in 0.021810 seconds
  Import took 0.024552 seconds .

========================================================================
Received Import Request.
  Time since last request: 227.494362 seconds.
  path: Assets/Prefabs/HammerPlayer/HammerAnimations/Standing Block Idle.fbx
  artifactKey: Guid(3e3a5f953cfae4642b9a998da634cbf6) Importer(815301076,1909f56bfc062723c751e8b465ee728b)
Start importing Assets/Prefabs/HammerPlayer/HammerAnimations/Standing Block Idle.fbx using Guid(3e3a5f953cfae4642b9a998da634cbf6) Importer(815301076,1909f56bfc062723c751e8b465ee728b)  -> (artifact id: '412a51406c9f82d7319e53a1ddb17785') in 0.068411 seconds
  Import took 0.071364 seconds .

========================================================================
Received Import Request.
  Time since last request: 2.679837 seconds.
  path: Assets/Prefabs/HammerPlayer/HammerAnimations/HammerAnimationController.controller
  artifactKey: Guid(b7777a1228b5c1848b44870e73970429) Importer(815301076,1909f56bfc062723c751e8b465ee728b)
Start importing Assets/Prefabs/HammerPlayer/HammerAnimations/HammerAnimationController.controller using Guid(b7777a1228b5c1848b44870e73970429) Importer(815301076,1909f56bfc062723c751e8b465ee728b)  -> (artifact id: 'eaac58f53d7f0cabeb7ce73a26e5b674') in 0.011118 seconds
  Import took 0.014073 seconds .

========================================================================
Received Prepare
Registering precompiled user dll's ...
Registered in 0.000976 seconds.
Begin MonoManager ReloadAssembly
Native extension for WindowsStandalone target not found
Refreshing native plugins compatible for Editor in 0.76 ms, found 0 plugins.
Preloading 0 native plugins for Editor in 0.00 ms.
Invoked RoslynAnalysisRunner static constructor.
RoslynAnalysisRunner will not be running.
RoslynAnalysisRunner has terminated.
Mono: successfully reloaded assembly
- Completed reload, in  0.657 seconds
Platform modules already initialized, skipping
Refreshing native plugins compatible for Editor in 0.88 ms, found 0 plugins.
Preloading 0 native plugins for Editor in 0.00 ms.
Unloading 1585 Unused Serialized files (Serialized files now loaded: 0)
System memory in use before: 106.1 MB.
System memory in use after: 106.3 MB.

Unloading 5 unused Assets to reduce memory usage. Loaded Objects now: 2178.
Total: 2.171100 ms (FindLiveObjects: 0.272000 ms CreateObjectMapping: 0.045600 ms MarkObjects: 1.836700 ms  DeleteObjects: 0.015500 ms)

========================================================================
Received Import Request.
  Time since last request: 177.788957 seconds.
  path: Assets/Prefabs/HammerPlayer/HammerAnimations/Charge (1).fbx
  artifactKey: Guid(00ccdd27e02acbc4f8fdc67c65459051) Importer(815301076,1909f56bfc062723c751e8b465ee728b)
Start importing Assets/Prefabs/HammerPlayer/HammerAnimations/Charge (1).fbx using Guid(00ccdd27e02acbc4f8fdc67c65459051) Importer(815301076,1909f56bfc062723c751e8b465ee728b)  -> (artifact id: 'fb52bfe2abada41b5b33fb11dccef33d') in 0.087795 seconds
  Import took 0.091039 seconds .

========================================================================
Received Import Request.
  Time since last request: 19.187734 seconds.
  path: Assets/Prefabs/HammerPlayer/HammerAnimations/Charge (1).fbx
  artifactKey: Guid(00ccdd27e02acbc4f8fdc67c65459051) Importer(815301076,1909f56bfc062723c751e8b465ee728b)
Start importing Assets/Prefabs/HammerPlayer/HammerAnimations/Charge (1).fbx using Guid(00ccdd27e02acbc4f8fdc67c65459051) Importer(815301076,1909f56bfc062723c751e8b465ee728b)  -> (artifact id: '0a59ac23d6a8fafe0b118e1882df304a') in 0.021633 seconds
  Import took 0.024411 seconds .

========================================================================
Received Import Request.
  Time since last request: 44.422572 seconds.
  path: Assets/Prefabs/HammerPlayer/HammerAnimations/Charge (1).fbx
  artifactKey: Guid(00ccdd27e02acbc4f8fdc67c65459051) Importer(815301076,1909f56bfc062723c751e8b465ee728b)
Start importing Assets/Prefabs/HammerPlayer/HammerAnimations/Charge (1).fbx using Guid(00ccdd27e02acbc4f8fdc67c65459051) Importer(815301076,1909f56bfc062723c751e8b465ee728b)  -> (artifact id: '82373a874ba1297a248e73ae93abad8e') in 0.023580 seconds
  Import took 0.026380 seconds .

========================================================================
Received Import Request.
  Time since last request: 14.765165 seconds.
  path: Assets/Prefabs/HammerPlayer/HammerAnimations/Charge (1).fbx
  artifactKey: Guid(00ccdd27e02acbc4f8fdc67c65459051) Importer(815301076,1909f56bfc062723c751e8b465ee728b)
Start importing Assets/Prefabs/HammerPlayer/HammerAnimations/Charge (1).fbx using Guid(00ccdd27e02acbc4f8fdc67c65459051) Importer(815301076,1909f56bfc062723c751e8b465ee728b)  -> (artifact id: 'de99c8500ed1b1595f6acc1d818fc3b9') in 0.021227 seconds
  Import took 0.024080 seconds .

========================================================================
Received Import Request.
  Time since last request: 0.000738 seconds.
  path: Assets/Prefabs/HammerPlayer/HammerAnimations/Charge (1).fbx
  artifactKey: Guid(00ccdd27e02acbc4f8fdc67c65459051) Importer(815301076,1909f56bfc062723c751e8b465ee728b)
Start importing Assets/Prefabs/HammerPlayer/HammerAnimations/Charge (1).fbx using Guid(00ccdd27e02acbc4f8fdc67c65459051) Importer(815301076,1909f56bfc062723c751e8b465ee728b)  -> (artifact id: 'de99c8500ed1b1595f6acc1d818fc3b9') in 0.019817 seconds
  Import took 0.022601 seconds .

========================================================================
Received Import Request.
  Time since last request: 4.719839 seconds.
  path: Assets/Prefabs/HammerPlayer/HammerAnimations/HammerAnimationController.controller
  artifactKey: Guid(b7777a1228b5c1848b44870e73970429) Importer(815301076,1909f56bfc062723c751e8b465ee728b)
Start importing Assets/Prefabs/HammerPlayer/HammerAnimations/HammerAnimationController.controller using Guid(b7777a1228b5c1848b44870e73970429) Importer(815301076,1909f56bfc062723c751e8b465ee728b)  -> (artifact id: '7b308570db110a01d8326cc4291a3584') in 0.008462 seconds
  Import took 0.011348 seconds .

========================================================================
Received Import Request.
  Time since last request: 43.220556 seconds.
  path: Assets/Prefabs/HammerPlayer/HammerAnimations/HammerAnimationController.controller
  artifactKey: Guid(b7777a1228b5c1848b44870e73970429) Importer(815301076,1909f56bfc062723c751e8b465ee728b)
Start importing Assets/Prefabs/HammerPlayer/HammerAnimations/HammerAnimationController.controller using Guid(b7777a1228b5c1848b44870e73970429) Importer(815301076,1909f56bfc062723c751e8b465ee728b)  -> (artifact id: '7e19bd5e9f2f49eda84f1f530a9d10ed') in 0.008083 seconds
  Import took 0.010912 seconds .

========================================================================
Received Prepare
Registering precompiled user dll's ...
Registered in 0.001077 seconds.
Begin MonoManager ReloadAssembly
Native extension for WindowsStandalone target not found
Refreshing native plugins compatible for Editor in 0.81 ms, found 0 plugins.
Preloading 0 native plugins for Editor in 0.00 ms.
Invoked RoslynAnalysisRunner static constructor.
RoslynAnalysisRunner will not be running.
RoslynAnalysisRunner has terminated.
Mono: successfully reloaded assembly
- Completed reload, in  0.625 seconds
Platform modules already initialized, skipping
Refreshing native plugins compatible for Editor in 0.76 ms, found 0 plugins.
Preloading 0 native plugins for Editor in 0.00 ms.
Unloading 1585 Unused Serialized files (Serialized files now loaded: 0)
System memory in use before: 106.3 MB.
System memory in use after: 106.4 MB.

Unloading 5 unused Assets to reduce memory usage. Loaded Objects now: 2182.
Total: 1.615800 ms (FindLiveObjects: 0.184000 ms CreateObjectMapping: 0.047000 ms MarkObjects: 1.371900 ms  DeleteObjects: 0.012100 ms)

========================================================================
Received Import Request.
  Time since last request: 37.388451 seconds.
  path: Assets/Prefabs/HammerPlayer/HammerAnimations/Charge (1).fbx
  artifactKey: Guid(00ccdd27e02acbc4f8fdc67c65459051) Importer(815301076,1909f56bfc062723c751e8b465ee728b)
Start importing Assets/Prefabs/HammerPlayer/HammerAnimations/Charge (1).fbx using Guid(00ccdd27e02acbc4f8fdc67c65459051) Importer(815301076,1909f56bfc062723c751e8b465ee728b)  -> (artifact id: 'f4f035f6344be86c57e37010ce87ac39') in 0.080831 seconds
  Import took 0.083780 seconds .

========================================================================
Received Prepare
Registering precompiled user dll's ...
Registered in 0.001062 seconds.
Begin MonoManager ReloadAssembly
Native extension for WindowsStandalone target not found
Refreshing native plugins compatible for Editor in 0.77 ms, found 0 plugins.
Preloading 0 native plugins for Editor in 0.00 ms.
Invoked RoslynAnalysisRunner static constructor.
RoslynAnalysisRunner will not be running.
RoslynAnalysisRunner has terminated.
Mono: successfully reloaded assembly
- Completed reload, in  0.621 seconds
Platform modules already initialized, skipping
Refreshing native plugins compatible for Editor in 0.78 ms, found 0 plugins.
Preloading 0 native plugins for Editor in 0.00 ms.
Unloading 1585 Unused Serialized files (Serialized files now loaded: 0)
System memory in use before: 106.3 MB.
System memory in use after: 106.4 MB.

Unloading 5 unused Assets to reduce memory usage. Loaded Objects now: 2186.
Total: 1.485400 ms (FindLiveObjects: 0.142700 ms CreateObjectMapping: 0.033000 ms MarkObjects: 1.298100 ms  DeleteObjects: 0.010800 ms)

========================================================================
Received Import Request.
  Time since last request: 17.392578 seconds.
  path: Assets/Prefabs/HammerPlayer/HammerAnimations/Charge (1).fbx
  artifactKey: Guid(00ccdd27e02acbc4f8fdc67c65459051) Importer(815301076,1909f56bfc062723c751e8b465ee728b)
Start importing Assets/Prefabs/HammerPlayer/HammerAnimations/Charge (1).fbx using Guid(00ccdd27e02acbc4f8fdc67c65459051) Importer(815301076,1909f56bfc062723c751e8b465ee728b)  -> (artifact id: 'e4c98e413e93ea4a54aec76a357224f8') in 0.076904 seconds
  Import took 0.079961 seconds .

========================================================================
Received Prepare
Registering precompiled user dll's ...
Registered in 0.001106 seconds.
Begin MonoManager ReloadAssembly
Native extension for WindowsStandalone target not found
Refreshing native plugins compatible for Editor in 0.86 ms, found 0 plugins.
Preloading 0 native plugins for Editor in 0.00 ms.
Invoked RoslynAnalysisRunner static constructor.
RoslynAnalysisRunner will not be running.
RoslynAnalysisRunner has terminated.
Mono: successfully reloaded assembly
- Completed reload, in  0.625 seconds
Platform modules already initialized, skipping
Refreshing native plugins compatible for Editor in 0.76 ms, found 0 plugins.
Preloading 0 native plugins for Editor in 0.00 ms.
Unloading 1585 Unused Serialized files (Serialized files now loaded: 0)
System memory in use before: 106.3 MB.
System memory in use after: 106.4 MB.

Unloading 5 unused Assets to reduce memory usage. Loaded Objects now: 2190.
Total: 1.520700 ms (FindLiveObjects: 0.165600 ms CreateObjectMapping: 0.040200 ms MarkObjects: 1.304500 ms  DeleteObjects: 0.009800 ms)

========================================================================
Received Prepare
Registering precompiled user dll's ...
Registered in 0.001009 seconds.
Begin MonoManager ReloadAssembly
Native extension for WindowsStandalone target not found
Refreshing native plugins compatible for Editor in 0.78 ms, found 0 plugins.
Preloading 0 native plugins for Editor in 0.00 ms.
Invoked RoslynAnalysisRunner static constructor.
RoslynAnalysisRunner will not be running.
RoslynAnalysisRunner has terminated.
Mono: successfully reloaded assembly
- Completed reload, in  0.616 seconds
Platform modules already initialized, skipping
Refreshing native plugins compatible for Editor in 0.77 ms, found 0 plugins.
Preloading 0 native plugins for Editor in 0.00 ms.
Unloading 1585 Unused Serialized files (Serialized files now loaded: 0)
System memory in use before: 106.3 MB.
System memory in use after: 106.4 MB.

Unloading 5 unused Assets to reduce memory usage. Loaded Objects now: 2193.
Total: 1.631100 ms (FindLiveObjects: 0.170600 ms CreateObjectMapping: 0.033500 ms MarkObjects: 1.411200 ms  DeleteObjects: 0.015000 ms)

========================================================================
Received Prepare
Registering precompiled user dll's ...
Registered in 0.001215 seconds.
Begin MonoManager ReloadAssembly
Native extension for WindowsStandalone target not found
Refreshing native plugins compatible for Editor in 0.76 ms, found 0 plugins.
Preloading 0 native plugins for Editor in 0.00 ms.
Invoked RoslynAnalysisRunner static constructor.
RoslynAnalysisRunner will not be running.
RoslynAnalysisRunner has terminated.
Mono: successfully reloaded assembly
- Completed reload, in  0.632 seconds
Platform modules already initialized, skipping
Refreshing native plugins compatible for Editor in 0.76 ms, found 0 plugins.
Preloading 0 native plugins for Editor in 0.00 ms.
Unloading 1585 Unused Serialized files (Serialized files now loaded: 0)
System memory in use before: 106.3 MB.
System memory in use after: 106.4 MB.

Unloading 5 unused Assets to reduce memory usage. Loaded Objects now: 2196.
Total: 1.490800 ms (FindLiveObjects: 0.162600 ms CreateObjectMapping: 0.032400 ms MarkObjects: 1.283800 ms  DeleteObjects: 0.011000 ms)

========================================================================
Received Prepare
Registering precompiled user dll's ...
Registered in 0.001102 seconds.
Begin MonoManager ReloadAssembly
Native extension for WindowsStandalone target not found
Refreshing native plugins compatible for Editor in 0.75 ms, found 0 plugins.
Preloading 0 native plugins for Editor in 0.00 ms.
Invoked RoslynAnalysisRunner static constructor.
RoslynAnalysisRunner will not be running.
RoslynAnalysisRunner has terminated.
Mono: successfully reloaded assembly
- Completed reload, in  0.622 seconds
Platform modules already initialized, skipping
Refreshing native plugins compatible for Editor in 0.79 ms, found 0 plugins.
Preloading 0 native plugins for Editor in 0.00 ms.
Unloading 1585 Unused Serialized files (Serialized files now loaded: 0)
System memory in use before: 106.3 MB.
System memory in use after: 106.4 MB.

Unloading 5 unused Assets to reduce memory usage. Loaded Objects now: 2199.
Total: 1.494800 ms (FindLiveObjects: 0.151800 ms CreateObjectMapping: 0.036900 ms MarkObjects: 1.296300 ms  DeleteObjects: 0.009000 ms)

========================================================================
Received Prepare
Registering precompiled user dll's ...
Registered in 0.001593 seconds.
Begin MonoManager ReloadAssembly
Native extension for WindowsStandalone target not found
Refreshing native plugins compatible for Editor in 0.81 ms, found 0 plugins.
Preloading 0 native plugins for Editor in 0.00 ms.
Invoked RoslynAnalysisRunner static constructor.
RoslynAnalysisRunner will not be running.
RoslynAnalysisRunner has terminated.
Mono: successfully reloaded assembly
- Completed reload, in  0.616 seconds
Platform modules already initialized, skipping
Refreshing native plugins compatible for Editor in 0.77 ms, found 0 plugins.
Preloading 0 native plugins for Editor in 0.00 ms.
Unloading 1585 Unused Serialized files (Serialized files now loaded: 0)
System memory in use before: 106.3 MB.
System memory in use after: 106.4 MB.

Unloading 5 unused Assets to reduce memory usage. Loaded Objects now: 2202.
Total: 1.818800 ms (FindLiveObjects: 0.235300 ms CreateObjectMapping: 0.054300 ms MarkObjects: 1.516500 ms  DeleteObjects: 0.011800 ms)

========================================================================
Received Prepare
Registering precompiled user dll's ...
Registered in 0.001076 seconds.
Begin MonoManager ReloadAssembly
Native extension for WindowsStandalone target not found
Refreshing native plugins compatible for Editor in 0.77 ms, found 0 plugins.
Preloading 0 native plugins for Editor in 0.00 ms.
Invoked RoslynAnalysisRunner static constructor.
RoslynAnalysisRunner will not be running.
RoslynAnalysisRunner has terminated.
Mono: successfully reloaded assembly
- Completed reload, in  0.623 seconds
Platform modules already initialized, skipping
Refreshing native plugins compatible for Editor in 0.91 ms, found 0 plugins.
Preloading 0 native plugins for Editor in 0.00 ms.
Unloading 1585 Unused Serialized files (Serialized files now loaded: 0)
System memory in use before: 106.3 MB.
System memory in use after: 106.4 MB.

Unloading 5 unused Assets to reduce memory usage. Loaded Objects now: 2205.
Total: 1.515200 ms (FindLiveObjects: 0.174900 ms CreateObjectMapping: 0.035000 ms MarkObjects: 1.293700 ms  DeleteObjects: 0.010900 ms)

========================================================================
Received Prepare
Registering precompiled user dll's ...
Registered in 0.001309 seconds.
Begin MonoManager ReloadAssembly
Native extension for WindowsStandalone target not found
Refreshing native plugins compatible for Editor in 0.76 ms, found 0 plugins.
Preloading 0 native plugins for Editor in 0.00 ms.
Invoked RoslynAnalysisRunner static constructor.
RoslynAnalysisRunner will not be running.
RoslynAnalysisRunner has terminated.
Mono: successfully reloaded assembly
- Completed reload, in  0.632 seconds
Platform modules already initialized, skipping
Refreshing native plugins compatible for Editor in 0.78 ms, found 0 plugins.
Preloading 0 native plugins for Editor in 0.00 ms.
Unloading 1585 Unused Serialized files (Serialized files now loaded: 0)
System memory in use before: 106.3 MB.
System memory in use after: 106.4 MB.

Unloading 5 unused Assets to reduce memory usage. Loaded Objects now: 2208.
Total: 1.534400 ms (FindLiveObjects: 0.157500 ms CreateObjectMapping: 0.033400 ms MarkObjects: 1.332200 ms  DeleteObjects: 0.010600 ms)

========================================================================
Received Prepare
Registering precompiled user dll's ...
Registered in 0.001039 seconds.
Begin MonoManager ReloadAssembly
Native extension for WindowsStandalone target not found
Refreshing native plugins compatible for Editor in 0.83 ms, found 0 plugins.
Preloading 0 native plugins for Editor in 0.00 ms.
Invoked RoslynAnalysisRunner static constructor.
RoslynAnalysisRunner will not be running.
RoslynAnalysisRunner has terminated.
Mono: successfully reloaded assembly
- Completed reload, in  0.641 seconds
Platform modules already initialized, skipping
Refreshing native plugins compatible for Editor in 0.78 ms, found 0 plugins.
Preloading 0 native plugins for Editor in 0.00 ms.
Unloading 1585 Unused Serialized files (Serialized files now loaded: 0)
System memory in use before: 106.3 MB.
System memory in use after: 106.5 MB.

Unloading 5 unused Assets to reduce memory usage. Loaded Objects now: 2211.
Total: 1.564500 ms (FindLiveObjects: 0.152500 ms CreateObjectMapping: 0.039600 ms MarkObjects: 1.361700 ms  DeleteObjects: 0.010000 ms)

========================================================================
Received Prepare
Registering precompiled user dll's ...
Registered in 0.000953 seconds.
Begin MonoManager ReloadAssembly
Native extension for WindowsStandalone target not found
Refreshing native plugins compatible for Editor in 0.78 ms, found 0 plugins.
Preloading 0 native plugins for Editor in 0.00 ms.
Invoked RoslynAnalysisRunner static constructor.
RoslynAnalysisRunner will not be running.
RoslynAnalysisRunner has terminated.
Mono: successfully reloaded assembly
- Completed reload, in  0.630 seconds
Platform modules already initialized, skipping
Refreshing native plugins compatible for Editor in 0.79 ms, found 0 plugins.
Preloading 0 native plugins for Editor in 0.00 ms.
Unloading 1585 Unused Serialized files (Serialized files now loaded: 0)
System memory in use before: 106.3 MB.
System memory in use after: 106.5 MB.

Unloading 5 unused Assets to reduce memory usage. Loaded Objects now: 2214.
Total: 1.695700 ms (FindLiveObjects: 0.188100 ms CreateObjectMapping: 0.036200 ms MarkObjects: 1.457200 ms  DeleteObjects: 0.012900 ms)

========================================================================
Received Prepare
Registering precompiled user dll's ...
Registered in 0.001063 seconds.
Begin MonoManager ReloadAssembly
Native extension for WindowsStandalone target not found
Refreshing native plugins compatible for Editor in 0.78 ms, found 0 plugins.
Preloading 0 native plugins for Editor in 0.00 ms.
Invoked RoslynAnalysisRunner static constructor.
RoslynAnalysisRunner will not be running.
RoslynAnalysisRunner has terminated.
Mono: successfully reloaded assembly
- Completed reload, in  0.633 seconds
Platform modules already initialized, skipping
Refreshing native plugins compatible for Editor in 0.79 ms, found 0 plugins.
Preloading 0 native plugins for Editor in 0.00 ms.
Unloading 1585 Unused Serialized files (Serialized files now loaded: 0)
System memory in use before: 106.4 MB.
System memory in use after: 106.5 MB.

Unloading 5 unused Assets to reduce memory usage. Loaded Objects now: 2217.
Total: 1.539400 ms (FindLiveObjects: 0.178100 ms CreateObjectMapping: 0.033800 ms MarkObjects: 1.315600 ms  DeleteObjects: 0.011100 ms)

========================================================================
Received Prepare
Registering precompiled user dll's ...
Registered in 0.000944 seconds.
Begin MonoManager ReloadAssembly
Native extension for WindowsStandalone target not found
Refreshing native plugins compatible for Editor in 0.76 ms, found 0 plugins.
Preloading 0 native plugins for Editor in 0.00 ms.
Invoked RoslynAnalysisRunner static constructor.
RoslynAnalysisRunner will not be running.
RoslynAnalysisRunner has terminated.
Mono: successfully reloaded assembly
- Completed reload, in  0.624 seconds
Platform modules already initialized, skipping
Refreshing native plugins compatible for Editor in 0.76 ms, found 0 plugins.
Preloading 0 native plugins for Editor in 0.00 ms.
Unloading 1585 Unused Serialized files (Serialized files now loaded: 0)
System memory in use before: 106.4 MB.
System memory in use after: 106.5 MB.

Unloading 5 unused Assets to reduce memory usage. Loaded Objects now: 2220.
Total: 1.579800 ms (FindLiveObjects: 0.168000 ms CreateObjectMapping: 0.038800 ms MarkObjects: 1.361100 ms  DeleteObjects: 0.011000 ms)

AssetImportWorkerClient::OnTransportError - code=2 error=End of file
