Using pre-set license
Built from '2020.3/release' branch; Version is '2020.3.2f1 (8fd9074bf66c) revision 9427207'; Using compiler version '192528614'; Build Type 'Release'
OS: 'Windows 10 Home; OS build 19042.867; Version 2009; 64bit' Language: 'en' Physical Memory: 32694 MB
BatchMode: 1, IsHumanControllingUs: 0, StartBugReporterOnCrash: 0, Is64bit: 1, IsPro: 0

 COMMAND LINE ARGUMENTS:
C:\Program Files\Unity\Hub\Editor\2020.3.2f1\Editor\Unity.exe
-adb2
-batchMode
-noUpm
-name
AssetImportWorker0
-projectPath
C:/Users/cocru/Documents/GitHub/Fighter/FightKnights/BattleBots
-logFile
Logs/AssetImportWorker0.log
-srvPort
64688
Successfully changed project path to: C:/Users/cocru/Documents/GitHub/Fighter/FightKnights/BattleBots
C:/Users/cocru/Documents/GitHub/Fighter/FightKnights/BattleBots
Using Asset Import Pipeline V2.
Refreshing native plugins compatible for Editor in 72.90 ms, found 0 plugins.
Preloading 0 native plugins for Editor in 0.00 ms.
Initialize engine version: 2020.3.2f1 (8fd9074bf66c)
[Subsystems] Discovering subsystems at path C:/Program Files/Unity/Hub/Editor/2020.3.2f1/Editor/Data/Resources/UnitySubsystems
[Subsystems] Discovering subsystems at path C:/Users/cocru/Documents/GitHub/Fighter/FightKnights/BattleBots/Assets
GfxDevice: creating device client; threaded=0
Direct3D:
    Version:  Direct3D 11.0 [level 11.1]
    Renderer: NVIDIA GeForce GTX 1080 (ID=0x1b80)
    Vendor:   
    VRAM:     8079 MB
    Driver:   27.21.14.6192
Initialize mono
Mono path[0] = 'C:/Program Files/Unity/Hub/Editor/2020.3.2f1/Editor/Data/Managed'
Mono path[1] = 'C:/Program Files/Unity/Hub/Editor/2020.3.2f1/Editor/Data/MonoBleedingEdge/lib/mono/unityjit'
Mono config path = 'C:/Program Files/Unity/Hub/Editor/2020.3.2f1/Editor/Data/MonoBleedingEdge/etc'
Using monoOptions --debugger-agent=transport=dt_socket,embedding=1,server=y,suspend=n,address=127.0.0.1:56772
Begin MonoManager ReloadAssembly
Registering precompiled unity dll's ...
Register platform support module: C:/Program Files/Unity/Hub/Editor/2020.3.2f1/Editor/Data/PlaybackEngines/WindowsStandaloneSupport/UnityEditor.WindowsStandalone.Extensions.dll
Registered in 0.001497 seconds.
Native extension for WindowsStandalone target not found
Refreshing native plugins compatible for Editor in 71.94 ms, found 0 plugins.
Preloading 0 native plugins for Editor in 0.00 ms.
Invoked RoslynAnalysisRunner static constructor.
RoslynAnalysisRunner will not be running.
RoslynAnalysisRunner has terminated.
Mono: successfully reloaded assembly
- Completed reload, in  0.809 seconds
Platform modules already initialized, skipping
Registering precompiled user dll's ...
Registered in 0.000797 seconds.
Begin MonoManager ReloadAssembly
Native extension for WindowsStandalone target not found
Refreshing native plugins compatible for Editor in 72.24 ms, found 0 plugins.
Preloading 0 native plugins for Editor in 0.00 ms.
Invoked RoslynAnalysisRunner static constructor.
RoslynAnalysisRunner will not be running.
RoslynAnalysisRunner has terminated.
Mono: successfully reloaded assembly
- Completed reload, in  0.749 seconds
Platform modules already initialized, skipping
========================================================================
Worker process is ready to serve import requests
Launched and connected shader compiler UnityShaderCompiler.exe after 0.03 seconds
Refreshing native plugins compatible for Editor in 0.81 ms, found 0 plugins.
Preloading 0 native plugins for Editor in 0.00 ms.
Unloading 1641 Unused Serialized files (Serialized files now loaded: 0)
System memory in use before: 91.1 MB.
System memory in use after: 91.2 MB.

Unloading 12 unused Assets to reduce memory usage. Loaded Objects now: 2095.
Total: 1.610600 ms (FindLiveObjects: 0.150300 ms CreateObjectMapping: 0.038800 ms MarkObjects: 1.309700 ms  DeleteObjects: 0.111000 ms)

========================================================================
Received Import Request.
  path: Assets/Animation/FirePlayerAnimator.controller
  artifactKey: Guid(3360a4d7b27c9334dbe692f15136101d) Importer(815301076,1909f56bfc062723c751e8b465ee728b)
Start importing Assets/Animation/FirePlayerAnimator.controller using Guid(3360a4d7b27c9334dbe692f15136101d) Importer(815301076,1909f56bfc062723c751e8b465ee728b)  -> (artifact id: 'abfed200806d24fb7347df752fcab43a') in 0.028529 seconds
  Import took 0.031940 seconds .

========================================================================
Received Import Request.
  Time since last request: 2.028415 seconds.
  path: Assets/Scripts/FirePlayer.cs
  artifactKey: Guid(76ad0bcbd23c8d249911f312378f9547) Importer(815301076,1909f56bfc062723c751e8b465ee728b)
Start importing Assets/Scripts/FirePlayer.cs using Guid(76ad0bcbd23c8d249911f312378f9547) Importer(815301076,1909f56bfc062723c751e8b465ee728b)  -> (artifact id: 'fb09c6f47cd3a1f9c6277ef42ea2512f') in 0.009120 seconds
  Import took 0.011949 seconds .

========================================================================
Received Import Request.
  Time since last request: 577.862057 seconds.
  path: Assets/Scripts/FirePlayer.cs
  artifactKey: Guid(76ad0bcbd23c8d249911f312378f9547) Importer(815301076,1909f56bfc062723c751e8b465ee728b)
Start importing Assets/Scripts/FirePlayer.cs using Guid(76ad0bcbd23c8d249911f312378f9547) Importer(815301076,1909f56bfc062723c751e8b465ee728b)  -> (artifact id: '9bf7dc9d8f30f5b59e69981df6094843') in 0.001821 seconds
  Import took 0.004354 seconds .

========================================================================
Received Prepare
Registering precompiled user dll's ...
Registered in 0.001032 seconds.
Begin MonoManager ReloadAssembly
Native extension for WindowsStandalone target not found
Refreshing native plugins compatible for Editor in 0.90 ms, found 0 plugins.
Preloading 0 native plugins for Editor in 0.00 ms.
Invoked RoslynAnalysisRunner static constructor.
RoslynAnalysisRunner will not be running.
RoslynAnalysisRunner has terminated.
Mono: successfully reloaded assembly
- Completed reload, in  0.643 seconds
Platform modules already initialized, skipping
Refreshing native plugins compatible for Editor in 0.78 ms, found 0 plugins.
Preloading 0 native plugins for Editor in 0.00 ms.
Unloading 1605 Unused Serialized files (Serialized files now loaded: 0)
System memory in use before: 88.8 MB.
System memory in use after: 88.9 MB.

Unloading 5 unused Assets to reduce memory usage. Loaded Objects now: 2098.
Total: 1.565600 ms (FindLiveObjects: 0.182000 ms CreateObjectMapping: 0.036900 ms MarkObjects: 1.332500 ms  DeleteObjects: 0.013300 ms)

========================================================================
Received Prepare
Registering precompiled user dll's ...
Registered in 0.001112 seconds.
Begin MonoManager ReloadAssembly
Native extension for WindowsStandalone target not found
Refreshing native plugins compatible for Editor in 0.77 ms, found 0 plugins.
Preloading 0 native plugins for Editor in 0.00 ms.
Invoked RoslynAnalysisRunner static constructor.
RoslynAnalysisRunner will not be running.
RoslynAnalysisRunner has terminated.
Mono: successfully reloaded assembly
- Completed reload, in  0.627 seconds
Platform modules already initialized, skipping
Refreshing native plugins compatible for Editor in 0.79 ms, found 0 plugins.
Preloading 0 native plugins for Editor in 0.00 ms.
Unloading 1605 Unused Serialized files (Serialized files now loaded: 0)
System memory in use before: 88.8 MB.
System memory in use after: 88.9 MB.

Unloading 5 unused Assets to reduce memory usage. Loaded Objects now: 2101.
Total: 1.626800 ms (FindLiveObjects: 0.169600 ms CreateObjectMapping: 0.040200 ms MarkObjects: 1.401200 ms  DeleteObjects: 0.014500 ms)

========================================================================
Received Import Request.
  Time since last request: 33.873136 seconds.
  path: Assets/Scripts/FirePlayer.cs
  artifactKey: Guid(76ad0bcbd23c8d249911f312378f9547) Importer(815301076,1909f56bfc062723c751e8b465ee728b)
Start importing Assets/Scripts/FirePlayer.cs using Guid(76ad0bcbd23c8d249911f312378f9547) Importer(815301076,1909f56bfc062723c751e8b465ee728b)  -> (artifact id: '0e5e30324e43d290bb736f54fb853433') in 0.005677 seconds
  Import took 0.008125 seconds .

========================================================================
Received Import Request.
  Time since last request: 1.128470 seconds.
  path: Assets/Scripts/FirePlayer.cs
  artifactKey: Guid(76ad0bcbd23c8d249911f312378f9547) Importer(815301076,1909f56bfc062723c751e8b465ee728b)
Start importing Assets/Scripts/FirePlayer.cs using Guid(76ad0bcbd23c8d249911f312378f9547) Importer(815301076,1909f56bfc062723c751e8b465ee728b)  -> (artifact id: '0e5e30324e43d290bb736f54fb853433') in 0.001968 seconds
  Import took 0.004163 seconds .

========================================================================
Received Prepare
Registering precompiled user dll's ...
Registered in 0.001056 seconds.
Begin MonoManager ReloadAssembly
Native extension for WindowsStandalone target not found
Refreshing native plugins compatible for Editor in 0.77 ms, found 0 plugins.
Preloading 0 native plugins for Editor in 0.00 ms.
Invoked RoslynAnalysisRunner static constructor.
RoslynAnalysisRunner will not be running.
RoslynAnalysisRunner has terminated.
Mono: successfully reloaded assembly
- Completed reload, in  0.618 seconds
Platform modules already initialized, skipping
Refreshing native plugins compatible for Editor in 0.78 ms, found 0 plugins.
Preloading 0 native plugins for Editor in 0.00 ms.
Unloading 1605 Unused Serialized files (Serialized files now loaded: 0)
System memory in use before: 88.8 MB.
System memory in use after: 88.9 MB.

Unloading 5 unused Assets to reduce memory usage. Loaded Objects now: 2104.
Total: 1.578600 ms (FindLiveObjects: 0.181600 ms CreateObjectMapping: 0.033100 ms MarkObjects: 1.352500 ms  DeleteObjects: 0.010700 ms)

========================================================================
Received Prepare
Registering precompiled user dll's ...
Registered in 0.000960 seconds.
Begin MonoManager ReloadAssembly
Native extension for WindowsStandalone target not found
Refreshing native plugins compatible for Editor in 0.83 ms, found 0 plugins.
Preloading 0 native plugins for Editor in 0.00 ms.
Invoked RoslynAnalysisRunner static constructor.
RoslynAnalysisRunner will not be running.
RoslynAnalysisRunner has terminated.
Mono: successfully reloaded assembly
- Completed reload, in  0.614 seconds
Platform modules already initialized, skipping
Refreshing native plugins compatible for Editor in 0.80 ms, found 0 plugins.
Preloading 0 native plugins for Editor in 0.00 ms.
Unloading 1605 Unused Serialized files (Serialized files now loaded: 0)
System memory in use before: 88.8 MB.
System memory in use after: 88.9 MB.

Unloading 5 unused Assets to reduce memory usage. Loaded Objects now: 2107.
Total: 1.540200 ms (FindLiveObjects: 0.148900 ms CreateObjectMapping: 0.032900 ms MarkObjects: 1.345300 ms  DeleteObjects: 0.012400 ms)

========================================================================
Received Prepare
Registering precompiled user dll's ...
Registered in 0.000980 seconds.
Begin MonoManager ReloadAssembly
Native extension for WindowsStandalone target not found
Refreshing native plugins compatible for Editor in 0.83 ms, found 0 plugins.
Preloading 0 native plugins for Editor in 0.00 ms.
Invoked RoslynAnalysisRunner static constructor.
RoslynAnalysisRunner will not be running.
RoslynAnalysisRunner has terminated.
Mono: successfully reloaded assembly
- Completed reload, in  0.619 seconds
Platform modules already initialized, skipping
Refreshing native plugins compatible for Editor in 0.78 ms, found 0 plugins.
Preloading 0 native plugins for Editor in 0.00 ms.
Unloading 1605 Unused Serialized files (Serialized files now loaded: 0)
System memory in use before: 88.8 MB.
System memory in use after: 89.0 MB.

Unloading 5 unused Assets to reduce memory usage. Loaded Objects now: 2110.
Total: 1.827800 ms (FindLiveObjects: 0.179600 ms CreateObjectMapping: 0.044500 ms MarkObjects: 1.590500 ms  DeleteObjects: 0.012300 ms)

